This is pdfTeX, Version 3.141592653-2.6-1.40.29 (TeX Live 2026) (preloaded format=pdflatex 2026.5.31)  20 JUN 2026 12:58
entering extended mode
 restricted \write18 enabled.
 file:line:error style messages enabled.
 %&-line parsing enabled.
**/Users/changmin/Desktop/박창민/05_Project/08_BRL-CF/latex_zips/latex_tro/main.tex
(/Users/changmin/Desktop/박창민/05_Project/08_BRL-CF/latex_zips/latex_tro/main.tex
LaTeX2e <2025-11-01>
L3 programming layer <2026-01-19>
(/Users/changmin/Desktop/박창민/05_Project/08_BRL-CF/latex_zips/latex_tro/IEEEtran.cls
Document Class: IEEEtran 2015/08/26 V1.8b by Michael Shell
-- See the "IEEEtran_HOWTO" manual for usage information.
-- http://www.michaelshell.org/tex/ieeetran/
\@IEEEtrantmpdimenA=\dimen148
\@IEEEtrantmpdimenB=\dimen149
\@IEEEtrantmpdimenC=\dimen150
\@IEEEtrantmpcountA=\count275
\@IEEEtrantmpcountB=\count276
\@IEEEtrantmpcountC=\count277
\@IEEEtrantmptoksA=\toks17
LaTeX Font Info:    Trying to load font information for OT1+ptm on input line 503.
(/usr/local/texlive/2026/texmf-dist/tex/latex/psnfss/ot1ptm.fd
File: ot1ptm.fd 2001/06/04 font definitions for OT1/ptm.
)
-- Using 8.5in x 11in (letter) paper.
-- Using PDF output.
\@IEEEnormalsizeunitybaselineskip=\dimen151
-- This is a 10 point document.
LaTeX Encoding Info:    Redeclaring text command \textunderscore (encoding ?) on input line 940.
\CLASSINFOnormalsizebaselineskip=\dimen152
\CLASSINFOnormalsizeunitybaselineskip=\dimen153
\IEEEnormaljot=\dimen154
LaTeX Font Info:    Font shape `OT1/ptm/bx/n' in size <5> not available
(Font)              Font shape `OT1/ptm/b/n' tried instead on input line 1086.
LaTeX Font Info:    Font shape `OT1/ptm/bx/it' in size <5> not available
(Font)              Font shape `OT1/ptm/b/it' tried instead on input line 1086.
LaTeX Font Info:    Font shape `OT1/ptm/bx/n' in size <7> not available
(Font)              Font shape `OT1/ptm/b/n' tried instead on input line 1086.
LaTeX Font Info:    Font shape `OT1/ptm/bx/it' in size <7> not available
(Font)              Font shape `OT1/ptm/b/it' tried instead on input line 1086.
LaTeX Font Info:    Font shape `OT1/ptm/bx/n' in size <8> not available
(Font)              Font shape `OT1/ptm/b/n' tried instead on input line 1086.
LaTeX Font Info:    Font shape `OT1/ptm/bx/it' in size <8> not available
(Font)              Font shape `OT1/ptm/b/it' tried instead on input line 1086.
LaTeX Font Info:    Font shape `OT1/ptm/bx/n' in size <9> not available
(Font)              Font shape `OT1/ptm/b/n' tried instead on input line 1086.
LaTeX Font Info:    Font shape `OT1/ptm/bx/it' in size <9> not available
(Font)              Font shape `OT1/ptm/b/it' tried instead on input line 1086.
LaTeX Font Info:    Font shape `OT1/ptm/bx/n' in size <10> not available
(Font)              Font shape `OT1/ptm/b/n' tried instead on input line 1086.
LaTeX Font Info:    Font shape `OT1/ptm/bx/it' in size <10> not available
(Font)              Font shape `OT1/ptm/b/it' tried instead on input line 1086.
LaTeX Font Info:    Font shape `OT1/ptm/bx/n' in size <11> not available
(Font)              Font shape `OT1/ptm/b/n' tried instead on input line 1086.
LaTeX Font Info:    Font shape `OT1/ptm/bx/it' in size <11> not available
(Font)              Font shape `OT1/ptm/b/it' tried instead on input line 1086.
LaTeX Font Info:    Font shape `OT1/ptm/bx/n' in size <12> not available
(Font)              Font shape `OT1/ptm/b/n' tried instead on input line 1086.
LaTeX Font Info:    Font shape `OT1/ptm/bx/it' in size <12> not available
(Font)              Font shape `OT1/ptm/b/it' tried instead on input line 1086.
LaTeX Font Info:    Font shape `OT1/ptm/bx/n' in size <18> not available
(Font)              Font shape `OT1/ptm/b/n' tried instead on input line 1086.
LaTeX Font Info:    Font shape `OT1/ptm/bx/it' in size <18> not available
(Font)              Font shape `OT1/ptm/b/it' tried instead on input line 1086.
\IEEEquantizedlength=\dimen155
\IEEEquantizedlengthdiff=\dimen156
\IEEEquantizedtextheightdiff=\dimen157
\IEEEilabelindentA=\dimen158
\IEEEilabelindentB=\dimen159
\IEEEilabelindent=\dimen160
\IEEEelabelindent=\dimen161
\IEEEdlabelindent=\dimen162
\IEEElabelindent=\dimen163
\IEEEiednormlabelsep=\dimen164
\IEEEiedmathlabelsep=\dimen165
\IEEEiedtopsep=\skip49
\c@section=\count278
\c@subsection=\count279
\c@subsubsection=\count280
\c@paragraph=\count281
\c@IEEEsubequation=\count282
\abovecaptionskip=\skip50
\belowcaptionskip=\skip51
\c@figure=\count283
\c@table=\count284
\@IEEEeqnnumcols=\count285
\@IEEEeqncolcnt=\count286
\@IEEEsubeqnnumrollback=\count287
\@IEEEquantizeheightA=\dimen166
\@IEEEquantizeheightB=\dimen167
\@IEEEquantizeheightC=\dimen168
\@IEEEquantizeprevdepth=\dimen169
\@IEEEquantizemultiple=\count288
\@IEEEquantizeboxA=\box53
\@IEEEtmpitemindent=\dimen170
\IEEEPARstartletwidth=\dimen171
\c@IEEEbiography=\count289
\@IEEEtranrubishbin=\box54
) (/usr/local/texlive/2026/texmf-dist/tex/latex/cite/cite.sty
LaTeX Info: Redefining \cite on input line 302.
LaTeX Info: Redefining \nocite on input line 332.
Package: cite 2015/02/27  v 5.5
) (/usr/local/texlive/2026/texmf-dist/tex/latex/graphics/graphicx.sty
Package: graphicx 2024/12/31 v1.2e Enhanced LaTeX Graphics (DPC,SPQR)
 (/usr/local/texlive/2026/texmf-dist/tex/latex/graphics/keyval.sty
Package: keyval 2022/05/29 v1.15 key=value parser (DPC)
\KV@toks@=\toks18
) (/usr/local/texlive/2026/texmf-dist/tex/latex/graphics/graphics.sty
Package: graphics 2024/08/06 v1.4g Standard LaTeX Graphics (DPC,SPQR)
 (/usr/local/texlive/2026/texmf-dist/tex/latex/graphics/trig.sty
Package: trig 2023/12/02 v1.11 sin cos tan (DPC)
) (/usr/local/texlive/2026/texmf-dist/tex/latex/graphics-cfg/graphics.cfg
File: graphics.cfg 2016/06/04 v1.11 sample graphics configuration
)
Package graphics Info: Driver file: pdftex.def on input line 106.
 (/usr/local/texlive/2026/texmf-dist/tex/latex/graphics-def/pdftex.def
File: pdftex.def 2025/09/29 v1.2d Graphics/color driver for pdftex
))
\Gin@req@height=\dimen172
\Gin@req@width=\dimen173
) (/usr/local/texlive/2026/texmf-dist/tex/latex/amsmath/amsmath.sty
Package: amsmath 2025/07/09 v2.17z AMS math features
\@mathmargin=\skip52

For additional information on amsmath, use the `?' option.
(/usr/local/texlive/2026/texmf-dist/tex/latex/amsmath/amstext.sty
Package: amstext 2024/11/17 v2.01 AMS text
 (/usr/local/texlive/2026/texmf-dist/tex/latex/amsmath/amsgen.sty
File: amsgen.sty 1999/11/30 v2.0 generic functions
\@emptytoks=\toks19
\ex@=\dimen174
)) (/usr/local/texlive/2026/texmf-dist/tex/latex/amsmath/amsbsy.sty
Package: amsbsy 1999/11/29 v1.2d Bold Symbols
\pmbraise@=\dimen175
) (/usr/local/texlive/2026/texmf-dist/tex/latex/amsmath/amsopn.sty
Package: amsopn 2022/04/08 v2.04 operator names
)
\inf@bad=\count290
LaTeX Info: Redefining \frac on input line 233.
\uproot@=\count291
\leftroot@=\count292
LaTeX Info: Redefining \overline on input line 398.
LaTeX Info: Redefining \colon on input line 409.
\classnum@=\count293
\DOTSCASE@=\count294
LaTeX Info: Redefining \ldots on input line 495.
LaTeX Info: Redefining \dots on input line 498.
LaTeX Info: Redefining \cdots on input line 619.
\Mathstrutbox@=\box55
\strutbox@=\box56
LaTeX Info: Redefining \big on input line 721.
LaTeX Info: Redefining \Big on input line 722.
LaTeX Info: Redefining \bigg on input line 723.
LaTeX Info: Redefining \Bigg on input line 724.
\big@size=\dimen176
LaTeX Font Info:    Redeclaring font encoding OML on input line 742.
LaTeX Font Info:    Redeclaring font encoding OMS on input line 743.
\macc@depth=\count295
LaTeX Info: Redefining \bmod on input line 904.
LaTeX Info: Redefining \pmod on input line 909.
LaTeX Info: Redefining \smash on input line 939.
LaTeX Info: Redefining \relbar on input line 969.
LaTeX Info: Redefining \Relbar on input line 970.
\c@MaxMatrixCols=\count296
\dotsspace@=\muskip17
\c@parentequation=\count297
\dspbrk@lvl=\count298
\tag@help=\toks20
\row@=\count299
\column@=\count300
\maxfields@=\count301
\andhelp@=\toks21
\eqnshift@=\dimen177
\alignsep@=\dimen178
\tagshift@=\dimen179
\tagwidth@=\dimen180
\totwidth@=\dimen181
\lineht@=\dimen182
\@envbody=\toks22
\multlinegap=\skip53
\multlinetaggap=\skip54
\mathdisplay@stack=\toks23
LaTeX Info: Redefining \[ on input line 2950.
LaTeX Info: Redefining \] on input line 2951.
) (/usr/local/texlive/2026/texmf-dist/tex/latex/amsfonts/amssymb.sty
Package: amssymb 2013/01/14 v3.01 AMS font symbols
 (/usr/local/texlive/2026/texmf-dist/tex/latex/amsfonts/amsfonts.sty
Package: amsfonts 2013/01/14 v3.01 Basic AMSFonts support
\symAMSa=\mathgroup4
\symAMSb=\mathgroup5
LaTeX Font Info:    Redeclaring math symbol \hbar on input line 98.
LaTeX Font Info:    Overwriting math alphabet `\mathfrak' in version `bold'
(Font)                  U/euf/m/n --> U/euf/b/n on input line 106.
)) (/usr/local/texlive/2026/texmf-dist/tex/latex/comment/comment.sty
\CommentStream=\write3
 Excluding comment 'comment') (/usr/local/texlive/2026/texmf-dist/tex/latex/algorithmicx/algpseudocode.sty
Package: algpseudocode 
 (/usr/local/texlive/2026/texmf-dist/tex/latex/base/ifthen.sty
Package: ifthen 2024/03/16 v1.1e Standard LaTeX ifthen package (DPC)
) (/usr/local/texlive/2026/texmf-dist/tex/latex/algorithmicx/algorithmicx.sty
Package: algorithmicx 2005/04/27 v1.2 Algorithmicx

Document Style algorithmicx 1.2 - a greatly improved `algorithmic' style
\c@ALG@line=\count302
\c@ALG@rem=\count303
\c@ALG@nested=\count304
\ALG@tlm=\skip55
\ALG@thistlm=\skip56
\c@ALG@Lnr=\count305
\c@ALG@blocknr=\count306
\c@ALG@storecount=\count307
\c@ALG@tmpcounter=\count308
\ALG@tmplength=\skip57
)
Document Style - pseudocode environments for use with the `algorithmicx' style
) (/usr/local/texlive/2026/texmf-dist/tex/latex/algorithm2e/algorithm2e.sty
Package: algorithm2e 2017/07/18 v5.2 algorithms environments
\c@AlgoLine=\count309
\algocf@hangindent=\skip58
 (/usr/local/texlive/2026/texmf-dist/tex/latex/ifoddpage/ifoddpage.sty
Package: ifoddpage 2022/10/18 v1.2 Conditionals for odd/even page detection
\c@checkoddpage=\count310
) (/usr/local/texlive/2026/texmf-dist/tex/latex/tools/xspace.sty
Package: xspace 2014/10/28 v1.13 Space after command names (DPC,MH)
) (/usr/local/texlive/2026/texmf-dist/tex/latex/relsize/relsize.sty
Package: relsize 2013/03/29 ver 4.1
)
\skiptotal=\skip59
\skiplinenumber=\skip60
\skiprule=\skip61
\skiphlne=\skip62
\skiptext=\skip63
\skiplength=\skip64
\algomargin=\skip65
\skipalgocfslide=\skip66
\algowidth=\dimen183
\inoutsize=\dimen184
\inoutindent=\dimen185
\interspacetitleruled=\dimen186
\interspacealgoruled=\dimen187
\interspacetitleboxruled=\dimen188
\algocf@ruledwidth=\skip67
\algocf@inoutbox=\box57
\algocf@inputbox=\box58
\AlCapSkip=\skip68
\AlCapHSkip=\skip69
\algoskipindent=\skip70
\algocf@nlbox=\box59
\algocf@hangingbox=\box60
\algocf@untilbox=\box61
\algocf@skipuntil=\skip71
\algocf@capbox=\box62
\algocf@lcaptionbox=\skip72
\algoheightruledefault=\skip73
\algoheightrule=\skip74
\algotitleheightruledefault=\skip75
\algotitleheightrule=\skip76
\c@algocfline=\count311
\c@algocfproc=\count312
\c@algocf=\count313
\algocf@algoframe=\box63
\algocf@algobox=\box64
) (/usr/local/texlive/2026/texmf-dist/tex/latex/multirow/multirow.sty
Package: multirow 2024/11/12 v2.9 Span multiple rows of a table
\multirow@colwidth=\skip77
\multirow@cntb=\count314
\multirow@dima=\skip78
\bigstrutjot=\dimen189
) (/usr/local/texlive/2026/texmf-dist/tex/latex/tcolorbox/tcolorbox.sty
Package: tcolorbox 2025/11/28 version 6.9.0 text color boxes
 (/usr/local/texlive/2026/texmf-dist/tex/latex/pgf/frontendlayer/tikz.sty (/usr/local/texlive/2026/texmf-dist/tex/latex/pgf/basiclayer/pgf.sty (/usr/local/texlive/2026/texmf-dist/tex/latex/pgf/utilities/pgfrcs.sty (/usr/local/texlive/2026/texmf-dist/tex/generic/pgf/utilities/pgfutil-common.tex
\pgfutil@everybye=\toks24
\pgfutil@tempdima=\dimen190
\pgfutil@tempdimb=\dimen191
) (/usr/local/texlive/2026/texmf-dist/tex/generic/pgf/utilities/pgfutil-latex.def
\pgfutil@abb=\box65
) (/usr/local/texlive/2026/texmf-dist/tex/generic/pgf/utilities/pgfrcs.code.tex (/usr/local/texlive/2026/texmf-dist/tex/generic/pgf/pgf.revision.tex)
Package: pgfrcs 2025-08-29 v3.1.11a (3.1.11a)
))
Package: pgf 2025-08-29 v3.1.11a (3.1.11a)
 (/usr/local/texlive/2026/texmf-dist/tex/latex/pgf/basiclayer/pgfcore.sty (/usr/local/texlive/2026/texmf-dist/tex/latex/pgf/systemlayer/pgfsys.sty (/usr/local/texlive/2026/texmf-dist/tex/generic/pgf/systemlayer/pgfsys.code.tex
Package: pgfsys 2025-08-29 v3.1.11a (3.1.11a)
 (/usr/local/texlive/2026/texmf-dist/tex/generic/pgf/utilities/pgfkeys.code.tex
\pgfkeys@pathtoks=\toks25
\pgfkeys@temptoks=\toks26
 (/usr/local/texlive/2026/texmf-dist/tex/generic/pgf/utilities/pgfkeyslibraryfiltered.code.tex
\pgfkeys@tmptoks=\toks27
))
\pgf@x=\dimen192
\pgf@y=\dimen193
\pgf@xa=\dimen194
\pgf@ya=\dimen195
\pgf@xb=\dimen196
\pgf@yb=\dimen197
\pgf@xc=\dimen198
\pgf@yc=\dimen199
\pgf@xd=\dimen256
\pgf@yd=\dimen257
\w@pgf@writea=\write4
\r@pgf@reada=\read2
\c@pgf@counta=\count315
\c@pgf@countb=\count316
\c@pgf@countc=\count317
\c@pgf@countd=\count318
\t@pgf@toka=\toks28
\t@pgf@tokb=\toks29
\t@pgf@tokc=\toks30
\pgf@sys@id@count=\count319
 (/usr/local/texlive/2026/texmf-dist/tex/generic/pgf/systemlayer/pgf.cfg
File: pgf.cfg 2025-08-29 v3.1.11a (3.1.11a)
)
Driver file for pgf: pgfsys-pdftex.def
 (/usr/local/texlive/2026/texmf-dist/tex/generic/pgf/systemlayer/pgfsys-pdftex.def
File: pgfsys-pdftex.def 2025-08-29 v3.1.11a (3.1.11a)
 (/usr/local/texlive/2026/texmf-dist/tex/generic/pgf/systemlayer/pgfsys-common-pdf.def
File: pgfsys-common-pdf.def 2025-08-29 v3.1.11a (3.1.11a)
))) (/usr/local/texlive/2026/texmf-dist/tex/generic/pgf/systemlayer/pgfsyssoftpath.code.tex
File: pgfsyssoftpath.code.tex 2025-08-29 v3.1.11a (3.1.11a)
\pgfsyssoftpath@smallbuffer@items=\count320
\pgfsyssoftpath@bigbuffer@items=\count321
) (/usr/local/texlive/2026/texmf-dist/tex/generic/pgf/systemlayer/pgfsysprotocol.code.tex
File: pgfsysprotocol.code.tex 2025-08-29 v3.1.11a (3.1.11a)
)) (/usr/local/texlive/2026/texmf-dist/tex/latex/xcolor/xcolor.sty
Package: xcolor 2024/09/29 v3.02 LaTeX color extensions (UK)
 (/usr/local/texlive/2026/texmf-dist/tex/latex/graphics-cfg/color.cfg
File: color.cfg 2016/01/02 v1.6 sample color configuration
)
Package xcolor Info: Driver file: pdftex.def on input line 274.
 (/usr/local/texlive/2026/texmf-dist/tex/latex/graphics/mathcolor.ltx)
Package xcolor Info: Model `cmy' substituted by `cmy0' on input line 1349.
Package xcolor Info: Model `hsb' substituted by `rgb' on input line 1353.
Package xcolor Info: Model `RGB' extended on input line 1365.
Package xcolor Info: Model `HTML' substituted by `rgb' on input line 1367.
Package xcolor Info: Model `Hsb' substituted by `hsb' on input line 1368.
Package xcolor Info: Model `tHsb' substituted by `hsb' on input line 1369.
Package xcolor Info: Model `HSB' substituted by `hsb' on input line 1370.
Package xcolor Info: Model `Gray' substituted by `gray' on input line 1371.
Package xcolor Info: Model `wave' substituted by `hsb' on input line 1372.
) (/usr/local/texlive/2026/texmf-dist/tex/latex/colortbl/colortbl.sty
Package: colortbl 2024/10/29 v1.0k Color table columns (DPC)
 (/usr/local/texlive/2026/texmf-dist/tex/latex/tools/array.sty
Package: array 2025/09/25 v2.6n Tabular extension package (FMi)
\col@sep=\dimen258
\ar@mcellbox=\box66
\extrarowheight=\dimen259
\NC@list=\toks31
\extratabsurround=\skip79
\backup@length=\skip80
\ar@cellbox=\box67
)
\everycr=\toks32
\minrowclearance=\skip81
\rownum=\count322
) (/usr/local/texlive/2026/texmf-dist/tex/generic/pgf/basiclayer/pgfcore.code.tex
Package: pgfcore 2025-08-29 v3.1.11a (3.1.11a)
 (/usr/local/texlive/2026/texmf-dist/tex/generic/pgf/math/pgfmath.code.tex (/usr/local/texlive/2026/texmf-dist/tex/generic/pgf/math/pgfmathutil.code.tex) (/usr/local/texlive/2026/texmf-dist/tex/generic/pgf/math/pgfmathparser.code.tex
\pgfmath@dimen=\dimen260
\pgfmath@count=\count323
\pgfmath@box=\box68
\pgfmath@toks=\toks33
\pgfmath@stack@operand=\toks34
\pgfmath@stack@operation=\toks35
) (/usr/local/texlive/2026/texmf-dist/tex/generic/pgf/math/pgfmathfunctions.code.tex) (/usr/local/texlive/2026/texmf-dist/tex/generic/pgf/math/pgfmathfunctions.basic.code.tex) (/usr/local/texlive/2026/texmf-dist/tex/generic/pgf/math/pgfmathfunctions.trigonometric.code.tex) (/usr/local/texlive/2026/texmf-dist/tex/generic/pgf/math/pgfmathfunctions.random.code.tex) (/usr/local/texlive/2026/texmf-dist/tex/generic/pgf/math/pgfmathfunctions.comparison.code.tex) (/usr/local/texlive/2026/texmf-dist/tex/generic/pgf/math/pgfmathfunctions.base.code.tex) (/usr/local/texlive/2026/texmf-dist/tex/generic/pgf/math/pgfmathfunctions.round.code.tex) (/usr/local/texlive/2026/texmf-dist/tex/generic/pgf/math/pgfmathfunctions.misc.code.tex) (/usr/local/texlive/2026/texmf-dist/tex/generic/pgf/math/pgfmathfunctions.integerarithmetics.code.tex) (/usr/local/texlive/2026/texmf-dist/tex/generic/pgf/math/pgfmathcalc.code.tex) (/usr/local/texlive/2026/texmf-dist/tex/generic/pgf/math/pgfmathfloat.code.tex
\c@pgfmathroundto@lastzeros=\count324
)) (/usr/local/texlive/2026/texmf-dist/tex/generic/pgf/math/pgfint.code.tex) (/usr/local/texlive/2026/texmf-dist/tex/generic/pgf/basiclayer/pgfcorepoints.code.tex
File: pgfcorepoints.code.tex 2025-08-29 v3.1.11a (3.1.11a)
\pgf@picminx=\dimen261
\pgf@picmaxx=\dimen262
\pgf@picminy=\dimen263
\pgf@picmaxy=\dimen264
\pgf@pathminx=\dimen265
\pgf@pathmaxx=\dimen266
\pgf@pathminy=\dimen267
\pgf@pathmaxy=\dimen268
\pgf@xx=\dimen269
\pgf@xy=\dimen270
\pgf@yx=\dimen271
\pgf@yy=\dimen272
\pgf@zx=\dimen273
\pgf@zy=\dimen274
) (/usr/local/texlive/2026/texmf-dist/tex/generic/pgf/basiclayer/pgfcorepathconstruct.code.tex
File: pgfcorepathconstruct.code.tex 2025-08-29 v3.1.11a (3.1.11a)
\pgf@path@lastx=\dimen275
\pgf@path@lasty=\dimen276
) (/usr/local/texlive/2026/texmf-dist/tex/generic/pgf/basiclayer/pgfcorepathusage.code.tex
File: pgfcorepathusage.code.tex 2025-08-29 v3.1.11a (3.1.11a)
\pgf@shorten@end@additional=\dimen277
\pgf@shorten@start@additional=\dimen278
) (/usr/local/texlive/2026/texmf-dist/tex/generic/pgf/basiclayer/pgfcorescopes.code.tex
File: pgfcorescopes.code.tex 2025-08-29 v3.1.11a (3.1.11a)
\pgfpic=\box69
\pgf@hbox=\box70
\pgf@layerbox@main=\box71
\pgf@picture@serial@count=\count325
) (/usr/local/texlive/2026/texmf-dist/tex/generic/pgf/basiclayer/pgfcoregraphicstate.code.tex
File: pgfcoregraphicstate.code.tex 2025-08-29 v3.1.11a (3.1.11a)
\pgflinewidth=\dimen279
) (/usr/local/texlive/2026/texmf-dist/tex/generic/pgf/basiclayer/pgfcoretransformations.code.tex
File: pgfcoretransformations.code.tex 2025-08-29 v3.1.11a (3.1.11a)
\pgf@pt@x=\dimen280
\pgf@pt@y=\dimen281
\pgf@pt@temp=\dimen282
) (/usr/local/texlive/2026/texmf-dist/tex/generic/pgf/basiclayer/pgfcorequick.code.tex
File: pgfcorequick.code.tex 2025-08-29 v3.1.11a (3.1.11a)
) (/usr/local/texlive/2026/texmf-dist/tex/generic/pgf/basiclayer/pgfcoreobjects.code.tex
File: pgfcoreobjects.code.tex 2025-08-29 v3.1.11a (3.1.11a)
) (/usr/local/texlive/2026/texmf-dist/tex/generic/pgf/basiclayer/pgfcorepathprocessing.code.tex
File: pgfcorepathprocessing.code.tex 2025-08-29 v3.1.11a (3.1.11a)
) (/usr/local/texlive/2026/texmf-dist/tex/generic/pgf/basiclayer/pgfcorearrows.code.tex
File: pgfcorearrows.code.tex 2025-08-29 v3.1.11a (3.1.11a)
\pgfarrowsep=\dimen283
) (/usr/local/texlive/2026/texmf-dist/tex/generic/pgf/basiclayer/pgfcoreshade.code.tex
File: pgfcoreshade.code.tex 2025-08-29 v3.1.11a (3.1.11a)
\pgf@max=\dimen284
\pgf@sys@shading@range@num=\count326
\pgf@shadingcount=\count327
) (/usr/local/texlive/2026/texmf-dist/tex/generic/pgf/basiclayer/pgfcoreimage.code.tex
File: pgfcoreimage.code.tex 2025-08-29 v3.1.11a (3.1.11a)
) (/usr/local/texlive/2026/texmf-dist/tex/generic/pgf/basiclayer/pgfcoreexternal.code.tex
File: pgfcoreexternal.code.tex 2025-08-29 v3.1.11a (3.1.11a)
\pgfexternal@startupbox=\box72
) (/usr/local/texlive/2026/texmf-dist/tex/generic/pgf/basiclayer/pgfcorelayers.code.tex
File: pgfcorelayers.code.tex 2025-08-29 v3.1.11a (3.1.11a)
) (/usr/local/texlive/2026/texmf-dist/tex/generic/pgf/basiclayer/pgfcoretransparency.code.tex
File: pgfcoretransparency.code.tex 2025-08-29 v3.1.11a (3.1.11a)
) (/usr/local/texlive/2026/texmf-dist/tex/generic/pgf/basiclayer/pgfcorepatterns.code.tex
File: pgfcorepatterns.code.tex 2025-08-29 v3.1.11a (3.1.11a)
) (/usr/local/texlive/2026/texmf-dist/tex/generic/pgf/basiclayer/pgfcorerdf.code.tex
File: pgfcorerdf.code.tex 2025-08-29 v3.1.11a (3.1.11a)
))) (/usr/local/texlive/2026/texmf-dist/tex/generic/pgf/modules/pgfmoduleshapes.code.tex
File: pgfmoduleshapes.code.tex 2025-08-29 v3.1.11a (3.1.11a)
\pgfnodeparttextbox=\box73
) (/usr/local/texlive/2026/texmf-dist/tex/generic/pgf/modules/pgfmoduleplot.code.tex
File: pgfmoduleplot.code.tex 2025-08-29 v3.1.11a (3.1.11a)
) (/usr/local/texlive/2026/texmf-dist/tex/latex/pgf/compatibility/pgfcomp-version-0-65.sty
Package: pgfcomp-version-0-65 2025-08-29 v3.1.11a (3.1.11a)
\pgf@nodesepstart=\dimen285
\pgf@nodesepend=\dimen286
) (/usr/local/texlive/2026/texmf-dist/tex/latex/pgf/compatibility/pgfcomp-version-1-18.sty
Package: pgfcomp-version-1-18 2025-08-29 v3.1.11a (3.1.11a)
)) (/usr/local/texlive/2026/texmf-dist/tex/latex/pgf/utilities/pgffor.sty (/usr/local/texlive/2026/texmf-dist/tex/latex/pgf/utilities/pgfkeys.sty (/usr/local/texlive/2026/texmf-dist/tex/generic/pgf/utilities/pgfkeys.code.tex)) (/usr/local/texlive/2026/texmf-dist/tex/latex/pgf/math/pgfmath.sty (/usr/local/texlive/2026/texmf-dist/tex/generic/pgf/math/pgfmath.code.tex)) (/usr/local/texlive/2026/texmf-dist/tex/generic/pgf/utilities/pgffor.code.tex
Package: pgffor 2025-08-29 v3.1.11a (3.1.11a)
\pgffor@iter=\dimen287
\pgffor@skip=\dimen288
\pgffor@stack=\toks36
\pgffor@toks=\toks37
)) (/usr/local/texlive/2026/texmf-dist/tex/generic/pgf/frontendlayer/tikz/tikz.code.tex
Package: tikz 2025-08-29 v3.1.11a (3.1.11a)
 (/usr/local/texlive/2026/texmf-dist/tex/generic/pgf/libraries/pgflibraryplothandlers.code.tex
File: pgflibraryplothandlers.code.tex 2025-08-29 v3.1.11a (3.1.11a)
\pgf@plot@mark@count=\count328
\pgfplotmarksize=\dimen289
)
\tikz@lastx=\dimen290
\tikz@lasty=\dimen291
\tikz@lastxsaved=\dimen292
\tikz@lastysaved=\dimen293
\tikz@lastmovetox=\dimen294
\tikz@lastmovetoy=\dimen295
\tikzleveldistance=\dimen296
\tikzsiblingdistance=\dimen297
\tikz@figbox=\box74
\tikz@figbox@bg=\box75
\tikz@tempbox=\box76
\tikz@tempbox@bg=\box77
\tikztreelevel=\count329
\tikznumberofchildren=\count330
\tikznumberofcurrentchild=\count331
\tikz@fig@count=\count332
 (/usr/local/texlive/2026/texmf-dist/tex/generic/pgf/modules/pgfmodulematrix.code.tex
File: pgfmodulematrix.code.tex 2025-08-29 v3.1.11a (3.1.11a)
\pgfmatrixcurrentrow=\count333
\pgfmatrixcurrentcolumn=\count334
\pgf@matrix@numberofcolumns=\count335
)
\tikz@expandcount=\count336
 (/usr/local/texlive/2026/texmf-dist/tex/generic/pgf/frontendlayer/tikz/libraries/tikzlibrarytopaths.code.tex
File: tikzlibrarytopaths.code.tex 2025-08-29 v3.1.11a (3.1.11a)
))) (/usr/local/texlive/2026/texmf-dist/tex/latex/tools/verbatim.sty
Package: verbatim 2024-01-22 v1.5x LaTeX2e package for verbatim enhancements
\every@verbatim=\toks38
\verbatim@line=\toks39
\verbatim@in@stream=\read3
) (/usr/local/texlive/2026/texmf-dist/tex/latex/environ/environ.sty
Package: environ 2014/05/04 v0.3 A new way to define environments
 (/usr/local/texlive/2026/texmf-dist/tex/latex/trimspaces/trimspaces.sty
Package: trimspaces 2009/09/17 v1.1 Trim spaces around a token list
)) (/usr/local/texlive/2026/texmf-dist/tex/latex/etoolbox/etoolbox.sty
Package: etoolbox 2025/10/02 v2.5m e-TeX tools for LaTeX (JAW)
\etb@tempcnta=\count337
)
\tcb@titlebox=\box78
\tcb@upperbox=\box79
\tcb@lowerbox=\box80
\tcb@phantombox=\box81
\c@tcbbreakpart=\count338
\c@tcblayer=\count339
\c@tcolorbox@number=\count340
\l__tcobox_tmpa_box=\box82
\l__tcobox_tmpa_dim=\dimen298
\tcb@temp=\box83
\tcb@temp=\box84
\tcb@temp=\box85
\tcb@temp=\box86
 (/usr/local/texlive/2026/texmf-dist/tex/latex/tcolorbox/tcbraster.code.tex
Library (tcolorbox): 'tcbraster.code.tex' version '6.9.0'
\c@tcbrastercolumn=\count341
\c@tcbrasterrow=\count342
\c@tcbrasternum=\count343
\c@tcbraster=\count344
) (/usr/local/texlive/2026/texmf-dist/tex/latex/tcolorbox/tcbskins.code.tex
Library (tcolorbox): 'tcbskins.code.tex' version '6.9.0'
(/usr/local/texlive/2026/texmf-dist/tex/latex/tikzfill/tikzfill.image.sty
Package: tikzfill.image 2023/08/08 v1.0.1 Image filling library for TikZ
 (/usr/local/texlive/2026/texmf-dist/tex/latex/tikzfill/tikzfill-common.sty
Package: tikzfill-common 2023/08/08 v1.0.1 Auxiliary code for tikzfill
) (/usr/local/texlive/2026/texmf-dist/tex/latex/tikzfill/tikzlibraryfill.image.code.tex
File: tikzlibraryfill.image.code.tex 2023/08/08 v1.0.1 Image filling library
\l__tikzfill_img_box=\box87
)) (/usr/local/texlive/2026/texmf-dist/tex/latex/tcolorbox/tcbskinsjigsaw.code.tex
Library (tcolorbox): 'tcbskinsjigsaw.code.tex' version '6.9.0'
)) (/usr/local/texlive/2026/texmf-dist/tex/latex/tcolorbox/tcbbreakable.code.tex
Library (tcolorbox): 'tcbbreakable.code.tex' version '6.9.0'
(/usr/local/texlive/2026/texmf-dist/tex/latex/pdfcol/pdfcol.sty
Package: pdfcol 2022-09-21 v1.7 Handle new color stacks for pdfTeX (HO)
 (/usr/local/texlive/2026/texmf-dist/tex/generic/ltxcmds/ltxcmds.sty
Package: ltxcmds 2023-12-04 v1.26 LaTeX kernel commands for general use (HO)
) (/usr/local/texlive/2026/texmf-dist/tex/generic/infwarerr/infwarerr.sty
Package: infwarerr 2019/12/03 v1.5 Providing info/warning/error messages (HO)
) (/usr/local/texlive/2026/texmf-dist/tex/generic/iftex/iftex.sty
Package: iftex 2024/12/12 v1.0g TeX engine tests
))
Package pdfcol Info: New color stack `tcb@breakable' = 1 on input line 23.
\tcb@testbox=\box88
\tcb@totalupperbox=\box89
\tcb@totallowerbox=\box90
) (/usr/local/texlive/2026/texmf-dist/tex/latex/tcolorbox/tcbhooks.code.tex
Library (tcolorbox): 'tcbhooks.code.tex' version '6.9.0'
) (/usr/local/texlive/2026/texmf-dist/tex/latex/tcolorbox/tcbtheorems.code.tex
Library (tcolorbox): 'tcbtheorems.code.tex' version '6.9.0'
) (/usr/local/texlive/2026/texmf-dist/tex/latex/tcolorbox/tcbfitting.code.tex
Library (tcolorbox): 'tcbfitting.code.tex' version '6.9.0'
\tcbfitdim=\dimen299
\tcb@lowerfitdim=\dimen300
\tcb@upperfitdim=\dimen301
\tcb@cur@hbadness=\count345
) (/usr/local/texlive/2026/texmf-dist/tex/latex/tcolorbox/tcblistingsutf8.code.tex
Library (tcolorbox): 'tcblistingsutf8.code.tex' version '6.9.0'
(/usr/local/texlive/2026/texmf-dist/tex/latex/tcolorbox/tcblistings.code.tex
Library (tcolorbox): 'tcblistings.code.tex' version '6.9.0'
(/usr/local/texlive/2026/texmf-dist/tex/latex/listings/listings.sty
\lst@mode=\count346
\lst@gtempboxa=\box91
\lst@token=\toks40
\lst@length=\count347
\lst@currlwidth=\dimen302
\lst@column=\count348
\lst@pos=\count349
\lst@lostspace=\dimen303
\lst@width=\dimen304
\lst@newlines=\count350
\lst@lineno=\count351
\lst@maxwidth=\dimen305
 (/usr/local/texlive/2026/texmf-dist/tex/latex/listings/lstpatch.sty
File: lstpatch.sty 2025/11/14 1.11b (Carsten Heinz)
) (/usr/local/texlive/2026/texmf-dist/tex/latex/listings/lstmisc.sty
File: lstmisc.sty 2025/11/14 1.11b (Carsten Heinz)
\c@lstnumber=\count352
\lst@skipnumbers=\count353
\lst@framebox=\box92
) (/usr/local/texlive/2026/texmf-dist/tex/latex/listings/listings.cfg
File: listings.cfg 2025/11/14 1.11b listings configuration
))
Package: listings 2025/11/14 1.11b (Carsten Heinz)

==> First Aid for listings.sty no longer applied!
    Expected:
        2024/09/23 1.10c (Carsten Heinz)
    but found:
        2025/11/14 1.11b (Carsten Heinz)
    so I'm assuming it got fixed.
(/usr/local/texlive/2026/texmf-dist/tex/latex/tcolorbox/tcblistingscore.code.tex
Library (tcolorbox): 'tcblistingscore.code.tex' version '6.9.0'
(/usr/local/texlive/2026/texmf-dist/tex/latex/tcolorbox/tcbprocessing.code.tex
Library (tcolorbox): 'tcbprocessing.code.tex' version '6.9.0'
)
\c@tcblisting=\count354
)) (/usr/local/texlive/2026/texmf-dist/tex/latex/listingsutf8/listingsutf8.sty
Package: listingsutf8 2019-12-10 v1.5 Allow UTF-8 in listings input (HO)
 (/usr/local/texlive/2026/texmf-dist/tex/generic/pdftexcmds/pdftexcmds.sty
Package: pdftexcmds 2020-06-27 v0.33 Utility functions of pdfTeX for LuaTeX (HO)
Package pdftexcmds Info: \pdf@primitive is available.
Package pdftexcmds Info: \pdf@ifprimitive is available.
Package pdftexcmds Info: \pdfdraftmode found.
) (/usr/local/texlive/2026/texmf-dist/tex/generic/stringenc/stringenc.sty
Package: stringenc 2019/11/29 v1.12 Convert strings between diff. encodings (HO)
 (/usr/local/texlive/2026/texmf-dist/tex/generic/pdfescape/pdfescape.sty
Package: pdfescape 2019/12/09 v1.15 Implements pdfTeX's escape features (HO)
)))) (/usr/local/texlive/2026/texmf-dist/tex/latex/tcolorbox/tcbexternal.code.tex
Library (tcolorbox): 'tcbexternal.code.tex' version '6.9.0'
) (/usr/local/texlive/2026/texmf-dist/tex/latex/tcolorbox/tcbmagazine.code.tex
Library (tcolorbox): 'tcbmagazine.code.tex' version '6.9.0'
) (/usr/local/texlive/2026/texmf-dist/tex/latex/tcolorbox/tcbvignette.code.tex
Library (tcolorbox): 'tcbvignette.code.tex' version '6.9.0'
(/usr/local/texlive/2026/texmf-dist/tex/generic/pgf/frontendlayer/tikz/libraries/tikzlibraryfadings.code.tex
File: tikzlibraryfadings.code.tex 2025-08-29 v3.1.11a (3.1.11a)
 (/usr/local/texlive/2026/texmf-dist/tex/generic/pgf/libraries/pgflibraryfadings.code.tex
File: pgflibraryfadings.code.tex 2025-08-29 v3.1.11a (3.1.11a)
))) (/usr/local/texlive/2026/texmf-dist/tex/latex/tcolorbox/tcbposter.code.tex
Library (tcolorbox): 'tcbposter.code.tex' version '6.9.0'
)) (/usr/local/texlive/2026/texmf-dist/tex/latex/float/float.sty
Package: float 2001/11/08 v1.3d Float enhancements (AL)
\c@float@type=\count355
\float@exts=\toks41
\float@box=\box93
\@float@everytoks=\toks42
\@floatcapt=\box94
) (/usr/local/texlive/2026/texmf-dist/tex/generic/ulem/ulem.sty
\UL@box=\box95
\UL@hyphenbox=\box96
\UL@skip=\skip82
\UL@hook=\toks43
\UL@height=\dimen306
\UL@pe=\count356
\UL@pixel=\dimen307
\ULC@box=\box97
Package: ulem 2019/11/18
\ULdepth=\dimen308
) (/usr/local/texlive/2026/texmf-dist/tex/latex/caption/subcaption.sty
Package: subcaption 2023/07/28 v1.6b Sub-captions (AR)
 (/usr/local/texlive/2026/texmf-dist/tex/latex/caption/caption.sty
Package: caption 2023/08/05 v3.6o Customizing captions (AR)
 (/usr/local/texlive/2026/texmf-dist/tex/latex/caption/caption3.sty
Package: caption3 2023/07/31 v2.4d caption3 kernel (AR)
\caption@tempdima=\dimen309
\captionmargin=\dimen310
\caption@leftmargin=\dimen311
\caption@rightmargin=\dimen312
\caption@width=\dimen313
\caption@indent=\dimen314
\caption@parindent=\dimen315
\caption@hangindent=\dimen316
Package caption Info: Unknown document class (or package),
(caption)             standard defaults will be used.
Package caption Info: \@makecaption = \long macro:#1#2->\ifx \@captype \@IEEEtablestring \footnotesize \bgroup \par \centering \@IEEEtabletopskipstrut {\normalfont \footnotesize #1}\\{\normalfont \footnotesize \scshape #2}\par \addvspace {0.5\baselineskip }\egroup \@IEEEtablecaptionsepspace \else \@IEEEfigurecaptionsepspace \setbox \@tempboxa \hbox {\normalfont \footnotesize {#1.}\nobreakspace \nobreakspace #2}\ifdim \wd \@tempboxa >\hsize \setbox \@tempboxa \hbox {\normalfont \footnotesize {#1.}\nobreakspace \nobreakspace }\parbox [t]{\hsize }{\normalfont \footnotesize \noindent \unhbox \@tempboxa #2}\else \ifCLASSOPTIONconference \hbox to\hsize {\normalfont \footnotesize \hfil \box \@tempboxa \hfil }\else \hbox to\hsize {\normalfont \footnotesize \box \@tempboxa \hfil }\fi \fi \fi  on input line 1175.
)

Package caption Warning: Unknown document class (or package),
(caption)                standard defaults will be used.
See the caption package documentation for explanation.

\c@caption@flags=\count357
\c@continuedfloat=\count358
Package caption Info: float package is loaded.
Package caption Info: listings package is loaded.
)
Package caption Info: New subtype `subfigure' on input line 238.
\c@subfigure=\count359
Package caption Info: New subtype `subtable' on input line 238.
\c@subtable=\count360
) (/usr/local/texlive/2026/texmf-dist/tex/latex/stmaryrd/stmaryrd.sty
Package: stmaryrd 1994/03/03 St Mary's Road symbol package
\symstmry=\mathgroup6
LaTeX Font Info:    Overwriting symbol font `stmry' in version `bold'
(Font)                  U/stmry/m/n --> U/stmry/b/n on input line 89.
) (/usr/local/texlive/2026/texmf-dist/tex/latex/tools/tabularx.sty
Package: tabularx 2023/12/11 v2.12a `tabularx' package (DPC)
\TX@col@width=\dimen317
\TX@old@table=\dimen318
\TX@old@col=\dimen319
\TX@target=\dimen320
\TX@delta=\dimen321
\TX@cols=\count361
\TX@ftn=\toks44
) (/usr/local/texlive/2026/texmf-dist/tex/latex/booktabs/booktabs.sty
Package: booktabs 2020/01/12 v1.61803398 Publication quality tables
\heavyrulewidth=\dimen322
\lightrulewidth=\dimen323
\cmidrulewidth=\dimen324
\belowrulesep=\dimen325
\belowbottomsep=\dimen326
\aboverulesep=\dimen327
\abovetopsep=\dimen328
\cmidrulesep=\dimen329
\cmidrulekern=\dimen330
\defaultaddspace=\dimen331
\@cmidla=\count362
\@cmidlb=\count363
\@aboverulesep=\dimen332
\@belowrulesep=\dimen333
\@thisruleclass=\count364
\@lastruleclass=\count365
\@thisrulewidth=\dimen334
) (/usr/local/texlive/2026/texmf-dist/tex/latex/makecell/makecell.sty
Package: makecell 2009/08/03 V0.1e Managing of Tab Column Heads and Cells
\rotheadsize=\dimen335
\c@nlinenum=\count366
\TeXr@lab=\toks45
) (/usr/local/texlive/2026/texmf-dist/tex/latex/setspace/setspace.sty
Package: setspace 2022/12/04 v6.7b set line spacing
) (/usr/local/texlive/2026/texmf-dist/tex/latex/psnfss/pifont.sty
Package: pifont 2020/03/25 PSNFSS-v9.3 Pi font support (SPQR) 
LaTeX Font Info:    Trying to load font information for U+pzd on input line 63.
 (/usr/local/texlive/2026/texmf-dist/tex/latex/psnfss/upzd.fd
File: upzd.fd 2001/06/04 font definitions for U/pzd.
)
LaTeX Font Info:    Trying to load font information for U+psy on input line 64.
 (/usr/local/texlive/2026/texmf-dist/tex/latex/psnfss/upsy.fd
File: upsy.fd 2001/06/04 font definitions for U/psy.
))
   defining Unicode char U+25B3 (decimal 9651)
 (/usr/local/texlive/2026/texmf-dist/tex/latex/l3backend/l3backend-pdftex.def
File: l3backend-pdftex.def 2025-10-09 L3 backend support: PDF output (pdfTeX)
\l__color_backend_stack_int=\count367
) (/Users/changmin/Desktop/박창민/05_Project/08_BRL-CF/latex_zips/latex_tro/main.aux)
\openout1 = `main.aux'.

LaTeX Font Info:    Checking defaults for OML/cmm/m/it on input line 44.
LaTeX Font Info:    ... okay on input line 44.
LaTeX Font Info:    Checking defaults for OMS/cmsy/m/n on input line 44.
LaTeX Font Info:    ... okay on input line 44.
LaTeX Font Info:    Checking defaults for OT1/cmr/m/n on input line 44.
LaTeX Font Info:    ... okay on input line 44.
LaTeX Font Info:    Checking defaults for T1/cmr/m/n on input line 44.
LaTeX Font Info:    ... okay on input line 44.
LaTeX Font Info:    Checking defaults for TS1/cmr/m/n on input line 44.
LaTeX Font Info:    ... okay on input line 44.
LaTeX Font Info:    Checking defaults for OMX/cmex/m/n on input line 44.
LaTeX Font Info:    ... okay on input line 44.
LaTeX Font Info:    Checking defaults for U/cmr/m/n on input line 44.
LaTeX Font Info:    ... okay on input line 44.

-- Lines per column: 58 (exact).
(/usr/local/texlive/2026/texmf-dist/tex/context/base/mkii/supp-pdf.mkii
[Loading MPS to PDF converter (version 2006.09.02).]
\scratchcounter=\count368
\scratchdimen=\dimen336
\scratchbox=\box98
\nofMPsegments=\count369
\nofMParguments=\count370
\everyMPshowfont=\toks46
\MPscratchCnt=\count371
\MPscratchDim=\dimen337
\MPnumerator=\count372
\makeMPintoPDFobject=\count373
\everyMPtoPDFconversion=\toks47
) (/usr/local/texlive/2026/texmf-dist/tex/latex/epstopdf-pkg/epstopdf-base.sty
Package: epstopdf-base 2020-01-24 v2.11 Base part for package epstopdf
Package epstopdf-base Info: Redefining graphics rule for `.eps' on input line 485.
 (/usr/local/texlive/2026/texmf-dist/tex/latex/latexconfig/epstopdf-sys.cfg
File: epstopdf-sys.cfg 2010/07/13 v1.3 Configuration of (r)epstopdf for TeX Live
))
\c@lstlisting=\count374
 (/usr/local/texlive/2026/texmf-dist/tex/latex/base/inputenc.sty
Package: inputenc 2024/02/08 v1.3d Input encoding file
\inpenc@prehook=\toks48
\inpenc@posthook=\toks49
)
Package caption Info: Begin \AtBeginDocument code.
Package caption Info: End \AtBeginDocument code.

Underfull \hbox (badness 2781) in paragraph at lines 59--59
[][][]\OT1/ptm/m/n/8 Changmin Park, Seon-gah Park, Nay-oung Kim, Sungjin Park, and
 []


Underfull \hbox (badness 1642) in paragraph at lines 61--63
[]\OT1/ptm/b/it/9 Abstract\OT1/ptm/b/n/9 ---In this pa-per, we pro-pose a knowledge-based
 []

(/Users/changmin/Desktop/박창민/05_Project/08_BRL-CF/latex_zips/latex_tro/section/01_intro.tex
<figures/intro_and_method/fig_intro.jpg, id=41, 93.951pt x 122.31697pt>
File: figures/intro_and_method/fig_intro.jpg Graphic file (type jpg)
<use figures/intro_and_method/fig_intro.jpg>
Package pdftex.def Info: figures/intro_and_method/fig_intro.jpg  used on input line 15.
(pdftex.def)             Requested size: 126.0pt x 164.05132pt.
LaTeX Font Info:    Trying to load font information for U+msa on input line 29.
 (/usr/local/texlive/2026/texmf-dist/tex/latex/amsfonts/umsa.fd
File: umsa.fd 2013/01/14 v3.01 AMS symbols A
)
LaTeX Font Info:    Trying to load font information for U+msb on input line 29.
 (/usr/local/texlive/2026/texmf-dist/tex/latex/amsfonts/umsb.fd
File: umsb.fd 2013/01/14 v3.01 AMS symbols B
)
LaTeX Font Info:    Trying to load font information for U+stmry on input line 29.
 (/usr/local/texlive/2026/texmf-dist/tex/latex/stmaryrd/Ustmry.fd) [1{/usr/local/texlive/2026/texmf-var/fonts/map/pdftex/updmap/pdftex.map}{/usr/local/texlive/2026/texmf-dist/fonts/enc/dvips/base/8r.enc}


 </Users/changmin/Desktop/박창민/05_Project/08_BRL-CF/latex_zips/latex_tro/figures/intro_and_method/fig_intro.jpg>]) (/Users/changmin/Desktop/박창민/05_Project/08_BRL-CF/latex_zips/latex_tro/section/02_related.tex
LaTeX Font Info:    Trying to load font information for OT1+pcr on input line 76.
 (/usr/local/texlive/2026/texmf-dist/tex/latex/psnfss/ot1pcr.fd
File: ot1pcr.fd 2001/06/04 font definitions for OT1/pcr.
)
Underfull \hbox (badness 1803) in paragraph at lines 85--86
[]\OT1/ptm/m/n/10 Together, these works mo-ti-vate the axes in Ta-ble I[]:
 []


Underfull \hbox (badness 2799) in paragraph at lines 85--86
\OT1/ptm/m/n/10 uncertainty-aware plan-ning, and hu-man feed-back. In-ter-
 []

[2] [3]) (/Users/changmin/Desktop/박창민/05_Project/08_BRL-CF/latex_zips/latex_tro/section/03_preliminaries.tex [4]
<figures/fig_pomdp_preliminaries.pdf, id=66, 369.30972pt x 177.0916pt>
File: figures/fig_pomdp_preliminaries.pdf Graphic file (type pdf)
<use figures/fig_pomdp_preliminaries.pdf>
Package pdftex.def Info: figures/fig_pomdp_preliminaries.pdf  used on input line 20.
(pdftex.def)             Requested size: 214.20154pt x 102.7159pt.
) (/Users/changmin/Desktop/박창민/05_Project/08_BRL-CF/latex_zips/latex_tro/section/04_method.tex
<figures/fig_dataflow.pdf, id=67, 777.38428pt x 311.85509pt>
File: figures/fig_dataflow.pdf Graphic file (type pdf)
<use figures/fig_dataflow.pdf>
Package pdftex.def Info: figures/fig_dataflow.pdf  used on input line 26.
(pdftex.def)             Requested size: 490.19843pt x 196.6458pt.
 [5 </Users/changmin/Desktop/박창민/05_Project/08_BRL-CF/latex_zips/latex_tro/figures/fig_pomdp_preliminaries.pdf>] [6 </Users/changmin/Desktop/박창민/05_Project/08_BRL-CF/latex_zips/latex_tro/figures/fig_dataflow.pdf>]
<figures/fig_overview.pdf, id=176, 600.48338pt x 413.12341pt>
File: figures/fig_overview.pdf Graphic file (type pdf)
<use figures/fig_overview.pdf>
Package pdftex.def Info: figures/fig_overview.pdf  used on input line 73.
(pdftex.def)             Requested size: 246.95892pt x 169.90489pt.
 [7 </Users/changmin/Desktop/박창민/05_Project/08_BRL-CF/latex_zips/latex_tro/figures/fig_overview.pdf>] [8]
Underfull \hbox (badness 3989) in paragraph at lines 247--248
[]\OT1/ptm/m/n/10 Through this pro-cess, per-cep-tual pred-i-cates such as
 []

[9]
<figures/fig_interface.pdf, id=225, 822.07124pt x 500.87125pt>
File: figures/fig_interface.pdf Graphic file (type pdf)
<use figures/fig_interface.pdf>
Package pdftex.def Info: figures/fig_interface.pdf  used on input line 276.
(pdftex.def)             Requested size: 252.0pt x 153.53358pt.
) (/Users/changmin/Desktop/박창민/05_Project/08_BRL-CF/latex_zips/latex_tro/section/05_exp_setting.tex
<figures/fig_exp_setup1.png, id=226, 1412.27625pt x 390.45876pt>
File: figures/fig_exp_setup1.png Graphic file (type png)
<use figures/fig_exp_setup1.png>
Package pdftex.def Info: figures/fig_exp_setup1.png  used on input line 10.
(pdftex.def)             Requested size: 242.52063pt x 67.05035pt.
<figures/fig_exp_setup2.png, id=228, 1276.77pt x 475.7775pt>
File: figures/fig_exp_setup2.png Graphic file (type png)
<use figures/fig_exp_setup2.png>
Package pdftex.def Info: figures/fig_exp_setup2.png  used on input line 17.
(pdftex.def)             Requested size: 242.52063pt x 90.36961pt.

Underfull \hbox (badness 1383) in paragraph at lines 41--43
\OT1/pcr/m/n/10 dock_station\OT1/ptm/m/n/10 , \OT1/pcr/m/n/10 stem_1\OT1/ptm/m/n/10 , and \OT1/pcr/m/n/10 stem_2\OT1/ptm/m/n/10 , and per-forms
 []

[10 </Users/changmin/Desktop/박창민/05_Project/08_BRL-CF/latex_zips/latex_tro/figures/fig_interface.pdf> </Users/changmin/Desktop/박창민/05_Project/08_BRL-CF/latex_zips/latex_tro/figures/fig_exp_setup1.png> </Users/changmin/Desktop/박창민/05_Project/08_BRL-CF/latex_zips/latex_tro/figures/fig_exp_setup2.png>]) (/Users/changmin/Desktop/박창민/05_Project/08_BRL-CF/latex_zips/latex_tro/section/05_exp_system.tex
<figures/system_eval/fig_thres_success_rate.pdf, id=238, 664.88402pt x 419.166pt>
File: figures/system_eval/fig_thres_success_rate.pdf Graphic file (type pdf)
<use figures/system_eval/fig_thres_success_rate.pdf>
Package pdftex.def Info: figures/system_eval/fig_thres_success_rate.pdf  used on input line 12.
(pdftex.def)             Requested size: 247.6778pt x 156.14432pt.
<figures/system_eval/fig_thres_average_question.pdf, id=239, 664.88402pt x 419.166pt>
File: figures/system_eval/fig_thres_average_question.pdf Graphic file (type pdf)
<use figures/system_eval/fig_thres_average_question.pdf>
Package pdftex.def Info: figures/system_eval/fig_thres_average_question.pdf  used on input line 19.
(pdftex.def)             Requested size: 247.6778pt x 156.14432pt.
<figures/system_eval/fig_thres_query_probability_per_step.pdf, id=240, 664.88402pt x 419.166pt>
File: figures/system_eval/fig_thres_query_probability_per_step.pdf Graphic file (type pdf)
<use figures/system_eval/fig_thres_query_probability_per_step.pdf>
Package pdftex.def Info: figures/system_eval/fig_thres_query_probability_per_step.pdf  used on input line 27.
(pdftex.def)             Requested size: 247.6778pt x 156.14432pt.
<figures/system_eval/fig_thres_average_step_success_only.pdf, id=241, 664.88402pt x 419.166pt>
File: figures/system_eval/fig_thres_average_step_success_only.pdf Graphic file (type pdf)
<use figures/system_eval/fig_thres_average_step_success_only.pdf>
Package pdftex.def Info: figures/system_eval/fig_thres_average_step_success_only.pdf  used on input line 34.
(pdftex.def)             Requested size: 247.6778pt x 156.14432pt.


LaTeX Font Warning: Font shape `U/stmry/b/n' undefined
(Font)              using `U/stmry/m/n' instead on input line 50.

<figures/system_eval/fig_ablation_success_rate.pdf, id=242, 592.61403pt x 346.89601pt>
File: figures/system_eval/fig_ablation_success_rate.pdf Graphic file (type pdf)
<use figures/system_eval/fig_ablation_success_rate.pdf>
Package pdftex.def Info: figures/system_eval/fig_ablation_success_rate.pdf  used on input line 86.
(pdftex.def)             Requested size: 247.6778pt x 144.98074pt.
<figures/system_eval/fig_ablation_average_question_success_only.pdf, id=243, 592.61403pt x 346.89601pt>
File: figures/system_eval/fig_ablation_average_question_success_only.pdf Graphic file (type pdf)
<use figures/system_eval/fig_ablation_average_question_success_only.pdf>
Package pdftex.def Info: figures/system_eval/fig_ablation_average_question_success_only.pdf  used on input line 93.
(pdftex.def)             Requested size: 247.6778pt x 144.98074pt.
<figures/system_eval/fig_ablation_query_probability_per_step_success_only.pdf, id=244, 592.61403pt x 346.89601pt>
File: figures/system_eval/fig_ablation_query_probability_per_step_success_only.pdf Graphic file (type pdf)
<use figures/system_eval/fig_ablation_query_probability_per_step_success_only.pdf>
Package pdftex.def Info: figures/system_eval/fig_ablation_query_probability_per_step_success_only.pdf  used on input line 101.
(pdftex.def)             Requested size: 247.6778pt x 144.98074pt.
<figures/system_eval/fig_ablation_average_step_success_only.pdf, id=245, 592.61403pt x 346.89601pt>
File: figures/system_eval/fig_ablation_average_step_success_only.pdf Graphic file (type pdf)
<use figures/system_eval/fig_ablation_average_step_success_only.pdf>
Package pdftex.def Info: figures/system_eval/fig_ablation_average_step_success_only.pdf  used on input line 108.
(pdftex.def)             Requested size: 247.6778pt x 144.98074pt.
[11] [12 </Users/changmin/Desktop/박창민/05_Project/08_BRL-CF/latex_zips/latex_tro/figures/system_eval/fig_thres_success_rate.pdf> </Users/changmin/Desktop/박창민/05_Project/08_BRL-CF/latex_zips/latex_tro/figures/system_eval/fig_thres_average_question.pdf> </Users/changmin/Desktop/박창민/05_Project/08_BRL-CF/latex_zips/latex_tro/figures/system_eval/fig_thres_query_probability_per_step.pdf> </Users/changmin/Desktop/박창민/05_Project/08_BRL-CF/latex_zips/latex_tro/figures/system_eval/fig_thres_average_step_success_only.pdf>] [13 </Users/changmin/Desktop/박창민/05_Project/08_BRL-CF/latex_zips/latex_tro/figures/system_eval/fig_ablation_success_rate.pdf> </Users/changmin/Desktop/박창민/05_Project/08_BRL-CF/latex_zips/latex_tro/figures/system_eval/fig_ablation_average_question_success_only.pdf> </Users/changmin/Desktop/박창민/05_Project/08_BRL-CF/latex_zips/latex_tro/figures/system_eval/fig_ablation_query_probability_per_step_success_only.pdf> </Users/changmin/Desktop/박창민/05_Project/08_BRL-CF/latex_zips/latex_tro/figures/system_eval/fig_ablation_average_step_success_only.pdf>]) (/Users/changmin/Desktop/박창민/05_Project/08_BRL-CF/latex_zips/latex_tro/section/05_exp_user.tex
LaTeX Font Info:    Trying to load font information for TS1+ptm on input line 5.
 (/usr/local/texlive/2026/texmf-dist/tex/latex/psnfss/ts1ptm.fd
File: ts1ptm.fd 2001/06/04 font definitions for TS1/ptm.
) [14]
<figures/fig_waste_our1.png, id=571, 1265.72874pt x 787.94376pt>
File: figures/fig_waste_our1.png Graphic file (type png)
<use figures/fig_waste_our1.png>
Package pdftex.def Info: figures/fig_waste_our1.png  used on input line 21.
(pdftex.def)             Requested size: 165.12378pt x 102.78494pt.
<figures/fig_waste_knowno.png, id=572, 1262.7175pt x 790.955pt>
File: figures/fig_waste_knowno.png Graphic file (type png)
<use figures/fig_waste_knowno.png>
Package pdftex.def Info: figures/fig_waste_knowno.png  used on input line 28.
(pdftex.def)             Requested size: 165.12378pt x 103.4312pt.
<figures/fig_tomato_knowno.png, id=573, 1262.7175pt x 790.955pt>
File: figures/fig_tomato_knowno.png Graphic file (type png)
<use figures/fig_tomato_knowno.png>
Package pdftex.def Info: figures/fig_tomato_knowno.png  used on input line 35.
(pdftex.def)             Requested size: 165.12378pt x 103.4312pt.
<figures/waste_task_success.png, id=574, 975.645pt x 578.16pt>
File: figures/waste_task_success.png Graphic file (type png)
<use figures/waste_task_success.png>
Package pdftex.def Info: figures/waste_task_success.png  used on input line 59.
(pdftex.def)             Requested size: 247.6778pt x 146.7716pt.
<figures/tomato_task_success.png, id=575, 975.645pt x 578.16pt>
File: figures/tomato_task_success.png Graphic file (type png)
<use figures/tomato_task_success.png>
Package pdftex.def Info: figures/tomato_task_success.png  used on input line 66.
(pdftex.def)             Requested size: 247.6778pt x 146.7716pt.
<figures/waste_operation_time.png, id=576, 975.645pt x 578.16pt>
File: figures/waste_operation_time.png Graphic file (type png)
<use figures/waste_operation_time.png>
Package pdftex.def Info: figures/waste_operation_time.png  used on input line 74.
(pdftex.def)             Requested size: 247.6778pt x 146.7716pt.
<figures/tomato_operation_time.png, id=577, 975.645pt x 578.16pt>
File: figures/tomato_operation_time.png Graphic file (type png)
<use figures/tomato_operation_time.png>
Package pdftex.def Info: figures/tomato_operation_time.png  used on input line 81.
(pdftex.def)             Requested size: 247.6778pt x 146.7716pt.
<figures/waste_nasa_rtlx.png, id=578, 975.645pt x 578.16pt>
File: figures/waste_nasa_rtlx.png Graphic file (type png)
<use figures/waste_nasa_rtlx.png>
Package pdftex.def Info: figures/waste_nasa_rtlx.png  used on input line 116.
(pdftex.def)             Requested size: 247.6778pt x 146.7716pt.
<figures/tomato_nasa_rtlx.png, id=579, 975.645pt x 578.16pt>
File: figures/tomato_nasa_rtlx.png Graphic file (type png)
<use figures/tomato_nasa_rtlx.png>
Package pdftex.def Info: figures/tomato_nasa_rtlx.png  used on input line 123.
(pdftex.def)             Requested size: 247.6778pt x 146.7716pt.
 [15] [16 </Users/changmin/Desktop/박창민/05_Project/08_BRL-CF/latex_zips/latex_tro/figures/fig_waste_our1.png> </Users/changmin/Desktop/박창민/05_Project/08_BRL-CF/latex_zips/latex_tro/figures/fig_waste_knowno.png> </Users/changmin/Desktop/박창민/05_Project/08_BRL-CF/latex_zips/latex_tro/figures/fig_tomato_knowno.png> </Users/changmin/Desktop/박창민/05_Project/08_BRL-CF/latex_zips/latex_tro/figures/waste_task_success.png> </Users/changmin/Desktop/박창민/05_Project/08_BRL-CF/latex_zips/latex_tro/figures/tomato_task_success.png> </Users/changmin/Desktop/박창민/05_Project/08_BRL-CF/latex_zips/latex_tro/figures/waste_operation_time.png> </Users/changmin/Desktop/박창민/05_Project/08_BRL-CF/latex_zips/latex_tro/figures/tomato_operation_time.png>]) (/Users/changmin/Desktop/박창민/05_Project/08_BRL-CF/latex_zips/latex_tro/section/06_conclusion.tex) [17 </Users/changmin/Desktop/박창민/05_Project/08_BRL-CF/latex_zips/latex_tro/figures/waste_nasa_rtlx.png> </Users/changmin/Desktop/박창민/05_Project/08_BRL-CF/latex_zips/latex_tro/figures/tomato_nasa_rtlx.png>] (/Users/changmin/Desktop/박창민/05_Project/08_BRL-CF/latex_zips/latex_tro/main.bbl
Underfull \hbox (badness 2393) in paragraph at lines 33--34
\OT1/ptm/m/n/8 pre-dictabil-ity of robot mo-tion,'' in |   []   |   []   |   []
 []

[18]
Underfull \hbox (badness 2521) in paragraph at lines 221--222
[]\OT1/ptm/m/n/8 R. Brach-man and H. Levesque, |   []   |   []   |   []
 []


Underfull \hbox (badness 3547) in paragraph at lines 233--234
[]\OT1/ptm/m/n/8 S. Xu, X. Luo, Y. Huang, L. Leng, R. Liu, and C. Liu,
 []

[19]
Underfull \hbox (badness 2846) in paragraph at lines 344--345
|   []   |   []   |   []   |   []   |   []   |   []   |   []
 []

) [20] (/Users/changmin/Desktop/박창민/05_Project/08_BRL-CF/latex_zips/latex_tro/appendix/00_appx_content.tex) (/Users/changmin/Desktop/박창민/05_Project/08_BRL-CF/latex_zips/latex_tro/appendix/01_algorithms.tex

LaTeX Warning: `h' float specifier changed to `ht'.

[21

]) (/Users/changmin/Desktop/박창민/05_Project/08_BRL-CF/latex_zips/latex_tro/appendix/02_detailedEXP.tex [22]) (/Users/changmin/Desktop/박창민/05_Project/08_BRL-CF/latex_zips/latex_tro/appendix/03_exp.tex [23]) (/Users/changmin/Desktop/박창민/05_Project/08_BRL-CF/latex_zips/latex_tro/appendix/04_user_study.tex [24] [25]

LaTeX Warning: `h' float specifier changed to `ht'.


LaTeX Warning: `h' float specifier changed to `ht'.

) [26] [27] (/Users/changmin/Desktop/박창민/05_Project/08_BRL-CF/latex_zips/latex_tro/main.aux)
 ***********
LaTeX2e <2025-11-01>
L3 programming layer <2026-01-19>
 ***********


LaTeX Font Warning: Some font shapes were not available, defaults substituted.

 ) 
Here is how much of TeX's memory you used:
 26098 strings out of 467525
 554251 string characters out of 5418982
 1025647 words of memory out of 5000000
 54483 multiletter control sequences out of 15000+600000
 673566 words of font info for 140 fonts, out of 8000000 for 9000
 1144 hyphenation exceptions out of 8191
 111i,19n,139p,1544b,652s stack positions out of 10000i,1000n,20000p,200000b,200000s
</usr/local/texlive/2026/texmf-dist/fonts/type1/public/amsfonts/cm/cmbx10.pfb></usr/local/texlive/2026/texmf-dist/fonts/type1/public/amsfonts/cm/cmex10.pfb></usr/local/texlive/2026/texmf-dist/fonts/type1/public/amsfonts/cm/cmmi10.pfb></usr/local/texlive/2026/texmf-dist/fonts/type1/public/amsfonts/cm/cmmi5.pfb></usr/local/texlive/2026/texmf-dist/fonts/type1/public/amsfonts/cm/cmmi6.pfb></usr/local/texlive/2026/texmf-dist/fonts/type1/public/amsfonts/cm/cmmi7.pfb></usr/local/texlive/2026/texmf-dist/fonts/type1/public/amsfonts/cm/cmmi8.pfb></usr/local/texlive/2026/texmf-dist/fonts/type1/public/amsfonts/cm/cmmi9.pfb></usr/local/texlive/2026/texmf-dist/fonts/type1/public/amsfonts/cmextra/cmmib8.pfb></usr/local/texlive/2026/texmf-dist/fonts/type1/public/amsfonts/cm/cmr10.pfb></usr/local/texlive/2026/texmf-dist/fonts/type1/public/amsfonts/cm/cmr5.pfb></usr/local/texlive/2026/texmf-dist/fonts/type1/public/amsfonts/cm/cmr7.pfb></usr/local/texlive/2026/texmf-dist/fonts/type1/public/amsfonts/cm/cmr8.pfb></usr/local/texlive/2026/texmf-dist/fonts/type1/public/amsfonts/cm/cmr9.pfb></usr/local/texlive/2026/texmf-dist/fonts/type1/public/amsfonts/cm/cmsy10.pfb></usr/local/texlive/2026/texmf-dist/fonts/type1/public/amsfonts/cm/cmsy7.pfb></usr/local/texlive/2026/texmf-dist/fonts/type1/public/amsfonts/cm/cmsy8.pfb></usr/local/texlive/2026/texmf-dist/fonts/type1/public/amsfonts/cm/cmsy9.pfb></usr/local/texlive/2026/texmf-dist/fonts/type1/public/amsfonts/symbols/msam10.pfb></usr/local/texlive/2026/texmf-dist/fonts/type1/public/amsfonts/symbols/msbm10.pfb></usr/local/texlive/2026/texmf-dist/fonts/type1/public/stmaryrd/stmary10.pfb></usr/local/texlive/2026/texmf-dist/fonts/type1/urw/courier/ucrr8a.pfb></usr/local/texlive/2026/texmf-dist/fonts/type1/urw/times/utmb8a.pfb></usr/local/texlive/2026/texmf-dist/fonts/type1/urw/times/utmbi8a.pfb></usr/local/texlive/2026/texmf-dist/fonts/type1/urw/times/utmr8a.pfb></usr/local/texlive/2026/texmf-dist/fonts/type1/urw/times/utmri8a.pfb>
Output written on /Users/changmin/Desktop/박창민/05_Project/08_BRL-CF/latex_zips/latex_tro/main.pdf (27 pages, 15166958 bytes).
PDF statistics:
 743 PDF objects out of 1000 (max. 8388607)
 273 compressed objects within 3 object streams
 0 named destinations out of 1000 (max. 500000)
 277 words of extra memory for PDF output out of 10000 (max. 10000000)

