This is pdfTeX, Version 3.141592653-2.6-1.40.22 (TeX Live 2022/dev/Debian) (preloaded format=pdflatex 2026.5.29)  19 JUN 2026 16:00
entering extended mode
 restricted \write18 enabled.
 %&-line parsing enabled.
**main.tex
(./main.tex
LaTeX2e <2021-11-15> patch level 1
L3 programming layer <2022-01-21> (./IEEEtran.cls
Document Class: IEEEtran 2015/08/26 V1.8b by Michael Shell
-- See the "IEEEtran_HOWTO" manual for usage information.
-- http://www.michaelshell.org/tex/ieeetran/
\@IEEEtrantmpdimenA=\dimen138
\@IEEEtrantmpdimenB=\dimen139
\@IEEEtrantmpdimenC=\dimen140
\@IEEEtrantmpcountA=\count185
\@IEEEtrantmpcountB=\count186
\@IEEEtrantmpcountC=\count187
\@IEEEtrantmptoksA=\toks16
LaTeX Font Info:    Trying to load font information for OT1+ptm on input line 5
03.
(/usr/share/texlive/texmf-dist/tex/latex/psnfss/ot1ptm.fd
File: ot1ptm.fd 2001/06/04 font definitions for OT1/ptm.
)
-- Using 8.5in x 11in (letter) paper.
-- Using PDF output.
\@IEEEnormalsizeunitybaselineskip=\dimen141
-- This is a 10 point document.
\CLASSINFOnormalsizebaselineskip=\dimen142
\CLASSINFOnormalsizeunitybaselineskip=\dimen143
\IEEEnormaljot=\dimen144
LaTeX Font Info:    Font shape `OT1/ptm/bx/n' in size <5> not available
(Font)              Font shape `OT1/ptm/b/n' tried instead on input line 1086.
LaTeX Font Info:    Font shape `OT1/ptm/bx/it' in size <5> not available
(Font)              Font shape `OT1/ptm/b/it' tried instead on input line 1086.

LaTeX Font Info:    Font shape `OT1/ptm/bx/n' in size <7> not available
(Font)              Font shape `OT1/ptm/b/n' tried instead on input line 1086.
LaTeX Font Info:    Font shape `OT1/ptm/bx/it' in size <7> not available
(Font)              Font shape `OT1/ptm/b/it' tried instead on input line 1086.

LaTeX Font Info:    Font shape `OT1/ptm/bx/n' in size <8> not available
(Font)              Font shape `OT1/ptm/b/n' tried instead on input line 1086.
LaTeX Font Info:    Font shape `OT1/ptm/bx/it' in size <8> not available
(Font)              Font shape `OT1/ptm/b/it' tried instead on input line 1086.

LaTeX Font Info:    Font shape `OT1/ptm/bx/n' in size <9> not available
(Font)              Font shape `OT1/ptm/b/n' tried instead on input line 1086.
LaTeX Font Info:    Font shape `OT1/ptm/bx/it' in size <9> not available
(Font)              Font shape `OT1/ptm/b/it' tried instead on input line 1086.

LaTeX Font Info:    Font shape `OT1/ptm/bx/n' in size <10> not available
(Font)              Font shape `OT1/ptm/b/n' tried instead on input line 1086.
LaTeX Font Info:    Font shape `OT1/ptm/bx/it' in size <10> not available
(Font)              Font shape `OT1/ptm/b/it' tried instead on input line 1086.

LaTeX Font Info:    Font shape `OT1/ptm/bx/n' in size <11> not available
(Font)              Font shape `OT1/ptm/b/n' tried instead on input line 1086.
LaTeX Font Info:    Font shape `OT1/ptm/bx/it' in size <11> not available
(Font)              Font shape `OT1/ptm/b/it' tried instead on input line 1086.

LaTeX Font Info:    Font shape `OT1/ptm/bx/n' in size <12> not available
(Font)              Font shape `OT1/ptm/b/n' tried instead on input line 1086.
LaTeX Font Info:    Font shape `OT1/ptm/bx/it' in size <12> not available
(Font)              Font shape `OT1/ptm/b/it' tried instead on input line 1086.

LaTeX Font Info:    Font shape `OT1/ptm/bx/n' in size <18> not available
(Font)              Font shape `OT1/ptm/b/n' tried instead on input line 1086.
LaTeX Font Info:    Font shape `OT1/ptm/bx/it' in size <18> not available
(Font)              Font shape `OT1/ptm/b/it' tried instead on input line 1086.

\IEEEquantizedlength=\dimen145
\IEEEquantizedlengthdiff=\dimen146
\IEEEquantizedtextheightdiff=\dimen147
\IEEEilabelindentA=\dimen148
\IEEEilabelindentB=\dimen149
\IEEEilabelindent=\dimen150
\IEEEelabelindent=\dimen151
\IEEEdlabelindent=\dimen152
\IEEElabelindent=\dimen153
\IEEEiednormlabelsep=\dimen154
\IEEEiedmathlabelsep=\dimen155
\IEEEiedtopsep=\skip47
\c@section=\count188
\c@subsection=\count189
\c@subsubsection=\count190
\c@paragraph=\count191
\c@IEEEsubequation=\count192
\abovecaptionskip=\skip48
\belowcaptionskip=\skip49
\c@figure=\count193
\c@table=\count194
\@IEEEeqnnumcols=\count195
\@IEEEeqncolcnt=\count196
\@IEEEsubeqnnumrollback=\count197
\@IEEEquantizeheightA=\dimen156
\@IEEEquantizeheightB=\dimen157
\@IEEEquantizeheightC=\dimen158
\@IEEEquantizeprevdepth=\dimen159
\@IEEEquantizemultiple=\count198
\@IEEEquantizeboxA=\box50
\@IEEEtmpitemindent=\dimen160
\IEEEPARstartletwidth=\dimen161
\c@IEEEbiography=\count199
\@IEEEtranrubishbin=\box51
) (/usr/share/texlive/texmf-dist/tex/latex/cite/cite.sty
LaTeX Info: Redefining \cite on input line 302.
LaTeX Info: Redefining \nocite on input line 332.
Package: cite 2015/02/27  v 5.5
)
(/usr/share/texlive/texmf-dist/tex/latex/graphics/graphicx.sty
Package: graphicx 2021/09/16 v1.2d Enhanced LaTeX Graphics (DPC,SPQR)

(/usr/share/texlive/texmf-dist/tex/latex/graphics/keyval.sty
Package: keyval 2014/10/28 v1.15 key=value parser (DPC)
\KV@toks@=\toks17
)
(/usr/share/texlive/texmf-dist/tex/latex/graphics/graphics.sty
Package: graphics 2021/03/04 v1.4d Standard LaTeX Graphics (DPC,SPQR)

(/usr/share/texlive/texmf-dist/tex/latex/graphics/trig.sty
Package: trig 2021/08/11 v1.11 sin cos tan (DPC)
)
(/usr/share/texlive/texmf-dist/tex/latex/graphics-cfg/graphics.cfg
File: graphics.cfg 2016/06/04 v1.11 sample graphics configuration
)
Package graphics Info: Driver file: pdftex.def on input line 107.

(/usr/share/texlive/texmf-dist/tex/latex/graphics-def/pdftex.def
File: pdftex.def 2020/10/05 v1.2a Graphics/color driver for pdftex
))
\Gin@req@height=\dimen162
\Gin@req@width=\dimen163
)
(/usr/share/texlive/texmf-dist/tex/latex/amsmath/amsmath.sty
Package: amsmath 2021/10/15 v2.17l AMS math features
\@mathmargin=\skip50

For additional information on amsmath, use the `?' option.
(/usr/share/texlive/texmf-dist/tex/latex/amsmath/amstext.sty
Package: amstext 2021/08/26 v2.01 AMS text

(/usr/share/texlive/texmf-dist/tex/latex/amsmath/amsgen.sty
File: amsgen.sty 1999/11/30 v2.0 generic functions
\@emptytoks=\toks18
\ex@=\dimen164
))
(/usr/share/texlive/texmf-dist/tex/latex/amsmath/amsbsy.sty
Package: amsbsy 1999/11/29 v1.2d Bold Symbols
\pmbraise@=\dimen165
)
(/usr/share/texlive/texmf-dist/tex/latex/amsmath/amsopn.sty
Package: amsopn 2021/08/26 v2.02 operator names
)
\inf@bad=\count266
LaTeX Info: Redefining \frac on input line 234.
\uproot@=\count267
\leftroot@=\count268
LaTeX Info: Redefining \overline on input line 399.
\classnum@=\count269
\DOTSCASE@=\count270
LaTeX Info: Redefining \ldots on input line 496.
LaTeX Info: Redefining \dots on input line 499.
LaTeX Info: Redefining \cdots on input line 620.
\Mathstrutbox@=\box52
\strutbox@=\box53
\big@size=\dimen166
LaTeX Font Info:    Redeclaring font encoding OML on input line 743.
LaTeX Font Info:    Redeclaring font encoding OMS on input line 744.
\macc@depth=\count271
\c@MaxMatrixCols=\count272
\dotsspace@=\muskip16
\c@parentequation=\count273
\dspbrk@lvl=\count274
\tag@help=\toks19
\row@=\count275
\column@=\count276
\maxfields@=\count277
\andhelp@=\toks20
\eqnshift@=\dimen167
\alignsep@=\dimen168
\tagshift@=\dimen169
\tagwidth@=\dimen170
\totwidth@=\dimen171
\lineht@=\dimen172
\@envbody=\toks21
\multlinegap=\skip51
\multlinetaggap=\skip52
\mathdisplay@stack=\toks22
LaTeX Info: Redefining \[ on input line 2938.
LaTeX Info: Redefining \] on input line 2939.
)
(/usr/share/texlive/texmf-dist/tex/latex/amsfonts/amssymb.sty
Package: amssymb 2013/01/14 v3.01 AMS font symbols

(/usr/share/texlive/texmf-dist/tex/latex/amsfonts/amsfonts.sty
Package: amsfonts 2013/01/14 v3.01 Basic AMSFonts support
\symAMSa=\mathgroup4
\symAMSb=\mathgroup5
LaTeX Font Info:    Redeclaring math symbol \hbar on input line 98.
LaTeX Font Info:    Overwriting math alphabet `\mathfrak' in version `bold'
(Font)                  U/euf/m/n --> U/euf/b/n on input line 106.
))
(/usr/share/texlive/texmf-dist/tex/latex/comment/comment.sty
\CommentStream=\write3

Excluding comment 'comment')
(/usr/share/texlive/texmf-dist/tex/latex/algorithmicx/algpseudocode.sty
Package: algpseudocode 

(/usr/share/texlive/texmf-dist/tex/latex/base/ifthen.sty
Package: ifthen 2020/11/24 v1.1c Standard LaTeX ifthen package (DPC)
)
(/usr/share/texlive/texmf-dist/tex/latex/algorithmicx/algorithmicx.sty
Package: algorithmicx 2005/04/27 v1.2 Algorithmicx

Document Style algorithmicx 1.2 - a greatly improved `algorithmic' style
\c@ALG@line=\count278
\c@ALG@rem=\count279
\c@ALG@nested=\count280
\ALG@tlm=\skip53
\ALG@thistlm=\skip54
\c@ALG@Lnr=\count281
\c@ALG@blocknr=\count282
\c@ALG@storecount=\count283
\c@ALG@tmpcounter=\count284
\ALG@tmplength=\skip55
)
Document Style - pseudocode environments for use with the `algorithmicx' style
) (/usr/share/texlive/texmf-dist/tex/latex/algorithm2e/algorithm2e.sty
Package: algorithm2e 2017/07/18 v5.2 algorithms environments
\c@AlgoLine=\count285
\algocf@hangindent=\skip56

(/usr/share/texlive/texmf-dist/tex/latex/ifoddpage/ifoddpage.sty
Package: ifoddpage 2016/04/23 v1.1 Conditionals for odd/even page detection
\c@checkoddpage=\count286
)
(/usr/share/texlive/texmf-dist/tex/latex/tools/xspace.sty
Package: xspace 2014/10/28 v1.13 Space after command names (DPC,MH)
)
(/usr/share/texlive/texmf-dist/tex/latex/relsize/relsize.sty
Package: relsize 2013/03/29 ver 4.1
)
\skiptotal=\skip57
\skiplinenumber=\skip58
\skiprule=\skip59
\skiphlne=\skip60
\skiptext=\skip61
\skiplength=\skip62
\algomargin=\skip63
\skipalgocfslide=\skip64
\algowidth=\dimen173
\inoutsize=\dimen174
\inoutindent=\dimen175
\interspacetitleruled=\dimen176
\interspacealgoruled=\dimen177
\interspacetitleboxruled=\dimen178
\algocf@ruledwidth=\skip65
\algocf@inoutbox=\box54
\algocf@inputbox=\box55
\AlCapSkip=\skip66
\AlCapHSkip=\skip67
\algoskipindent=\skip68
\algocf@nlbox=\box56
\algocf@hangingbox=\box57
\algocf@untilbox=\box58
\algocf@skipuntil=\skip69
\algocf@capbox=\box59
\algocf@lcaptionbox=\skip70
\algoheightruledefault=\skip71
\algoheightrule=\skip72
\algotitleheightruledefault=\skip73
\algotitleheightrule=\skip74
\c@algocfline=\count287
\c@algocfproc=\count288
\c@algocf=\count289
\algocf@algoframe=\box60
\algocf@algobox=\box61
)
(/usr/share/texlive/texmf-dist/tex/latex/multirow/multirow.sty
Package: multirow 2021/03/15 v2.8 Span multiple rows of a table
\multirow@colwidth=\skip75
\multirow@cntb=\count290
\multirow@dima=\skip76
\bigstrutjot=\dimen179
)
(/usr/share/texlive/texmf-dist/tex/latex/tcolorbox/tcolorbox.sty
Package: tcolorbox 2022/01/07 version 5.0.2 text color boxes

(/usr/share/texlive/texmf-dist/tex/latex/pgf/basiclayer/pgf.sty
(/usr/share/texlive/texmf-dist/tex/latex/pgf/utilities/pgfrcs.sty
(/usr/share/texlive/texmf-dist/tex/generic/pgf/utilities/pgfutil-common.tex
\pgfutil@everybye=\toks23
\pgfutil@tempdima=\dimen180
\pgfutil@tempdimb=\dimen181

(/usr/share/texlive/texmf-dist/tex/generic/pgf/utilities/pgfutil-common-lists.t
ex)) (/usr/share/texlive/texmf-dist/tex/generic/pgf/utilities/pgfutil-latex.def
\pgfutil@abb=\box62
) (/usr/share/texlive/texmf-dist/tex/generic/pgf/utilities/pgfrcs.code.tex
(/usr/share/texlive/texmf-dist/tex/generic/pgf/pgf.revision.tex)
Package: pgfrcs 2021/05/15 v3.1.9a (3.1.9a)
))
Package: pgf 2021/05/15 v3.1.9a (3.1.9a)

(/usr/share/texlive/texmf-dist/tex/latex/pgf/basiclayer/pgfcore.sty
(/usr/share/texlive/texmf-dist/tex/latex/pgf/systemlayer/pgfsys.sty
(/usr/share/texlive/texmf-dist/tex/generic/pgf/systemlayer/pgfsys.code.tex
Package: pgfsys 2021/05/15 v3.1.9a (3.1.9a)

(/usr/share/texlive/texmf-dist/tex/generic/pgf/utilities/pgfkeys.code.tex
\pgfkeys@pathtoks=\toks24
\pgfkeys@temptoks=\toks25

(/usr/share/texlive/texmf-dist/tex/generic/pgf/utilities/pgfkeysfiltered.code.t
ex
\pgfkeys@tmptoks=\toks26
))
\pgf@x=\dimen182
\pgf@y=\dimen183
\pgf@xa=\dimen184
\pgf@ya=\dimen185
\pgf@xb=\dimen186
\pgf@yb=\dimen187
\pgf@xc=\dimen188
\pgf@yc=\dimen189
\pgf@xd=\dimen190
\pgf@yd=\dimen191
\w@pgf@writea=\write4
\r@pgf@reada=\read2
\c@pgf@counta=\count291
\c@pgf@countb=\count292
\c@pgf@countc=\count293
\c@pgf@countd=\count294
\t@pgf@toka=\toks27
\t@pgf@tokb=\toks28
\t@pgf@tokc=\toks29
\pgf@sys@id@count=\count295
 (/usr/share/texlive/texmf-dist/tex/generic/pgf/systemlayer/pgf.cfg
File: pgf.cfg 2021/05/15 v3.1.9a (3.1.9a)
)
Driver file for pgf: pgfsys-pdftex.def

(/usr/share/texlive/texmf-dist/tex/generic/pgf/systemlayer/pgfsys-pdftex.def
File: pgfsys-pdftex.def 2021/05/15 v3.1.9a (3.1.9a)

(/usr/share/texlive/texmf-dist/tex/generic/pgf/systemlayer/pgfsys-common-pdf.de
f
File: pgfsys-common-pdf.def 2021/05/15 v3.1.9a (3.1.9a)
)))
(/usr/share/texlive/texmf-dist/tex/generic/pgf/systemlayer/pgfsyssoftpath.code.
tex
File: pgfsyssoftpath.code.tex 2021/05/15 v3.1.9a (3.1.9a)
\pgfsyssoftpath@smallbuffer@items=\count296
\pgfsyssoftpath@bigbuffer@items=\count297
)
(/usr/share/texlive/texmf-dist/tex/generic/pgf/systemlayer/pgfsysprotocol.code.
tex
File: pgfsysprotocol.code.tex 2021/05/15 v3.1.9a (3.1.9a)
)) (/usr/share/texlive/texmf-dist/tex/latex/xcolor/xcolor.sty
Package: xcolor 2021/10/31 v2.13 LaTeX color extensions (UK)

(/usr/share/texlive/texmf-dist/tex/latex/graphics-cfg/color.cfg
File: color.cfg 2016/01/02 v1.6 sample color configuration
)
Package xcolor Info: Driver file: pdftex.def on input line 227.

(/usr/share/texlive/texmf-dist/tex/latex/colortbl/colortbl.sty
Package: colortbl 2020/01/04 v1.0e Color table columns (DPC)

(/usr/share/texlive/texmf-dist/tex/latex/tools/array.sty
Package: array 2021/10/04 v2.5f Tabular extension package (FMi)
\col@sep=\dimen192
\ar@mcellbox=\box63
\extrarowheight=\dimen193
\NC@list=\toks30
\extratabsurround=\skip77
\backup@length=\skip78
\ar@cellbox=\box64
)
\everycr=\toks31
\minrowclearance=\skip79
)
\rownum=\count298
Package xcolor Info: Model `cmy' substituted by `cmy0' on input line 1352.
Package xcolor Info: Model `hsb' substituted by `rgb' on input line 1356.
Package xcolor Info: Model `RGB' extended on input line 1368.
Package xcolor Info: Model `HTML' substituted by `rgb' on input line 1370.
Package xcolor Info: Model `Hsb' substituted by `hsb' on input line 1371.
Package xcolor Info: Model `tHsb' substituted by `hsb' on input line 1372.
Package xcolor Info: Model `HSB' substituted by `hsb' on input line 1373.
Package xcolor Info: Model `Gray' substituted by `gray' on input line 1374.
Package xcolor Info: Model `wave' substituted by `hsb' on input line 1375.
)
(/usr/share/texlive/texmf-dist/tex/generic/pgf/basiclayer/pgfcore.code.tex
Package: pgfcore 2021/05/15 v3.1.9a (3.1.9a)

(/usr/share/texlive/texmf-dist/tex/generic/pgf/math/pgfmath.code.tex
(/usr/share/texlive/texmf-dist/tex/generic/pgf/math/pgfmathcalc.code.tex
(/usr/share/texlive/texmf-dist/tex/generic/pgf/math/pgfmathutil.code.tex)
(/usr/share/texlive/texmf-dist/tex/generic/pgf/math/pgfmathparser.code.tex
\pgfmath@dimen=\dimen194
\pgfmath@count=\count299
\pgfmath@box=\box65
\pgfmath@toks=\toks32
\pgfmath@stack@operand=\toks33
\pgfmath@stack@operation=\toks34
)
(/usr/share/texlive/texmf-dist/tex/generic/pgf/math/pgfmathfunctions.code.tex
(/usr/share/texlive/texmf-dist/tex/generic/pgf/math/pgfmathfunctions.basic.code
.tex)
(/usr/share/texlive/texmf-dist/tex/generic/pgf/math/pgfmathfunctions.trigonomet
ric.code.tex)
(/usr/share/texlive/texmf-dist/tex/generic/pgf/math/pgfmathfunctions.random.cod
e.tex)
(/usr/share/texlive/texmf-dist/tex/generic/pgf/math/pgfmathfunctions.comparison
.code.tex)
(/usr/share/texlive/texmf-dist/tex/generic/pgf/math/pgfmathfunctions.base.code.
tex)
(/usr/share/texlive/texmf-dist/tex/generic/pgf/math/pgfmathfunctions.round.code
.tex)
(/usr/share/texlive/texmf-dist/tex/generic/pgf/math/pgfmathfunctions.misc.code.
tex)
(/usr/share/texlive/texmf-dist/tex/generic/pgf/math/pgfmathfunctions.integerari
thmetics.code.tex)))
(/usr/share/texlive/texmf-dist/tex/generic/pgf/math/pgfmathfloat.code.tex
\c@pgfmathroundto@lastzeros=\count300
))
(/usr/share/texlive/texmf-dist/tex/generic/pgf/math/pgfint.code.tex)
(/usr/share/texlive/texmf-dist/tex/generic/pgf/basiclayer/pgfcorepoints.code.te
x
File: pgfcorepoints.code.tex 2021/05/15 v3.1.9a (3.1.9a)
\pgf@picminx=\dimen195
\pgf@picmaxx=\dimen196
\pgf@picminy=\dimen197
\pgf@picmaxy=\dimen198
\pgf@pathminx=\dimen199
\pgf@pathmaxx=\dimen256
\pgf@pathminy=\dimen257
\pgf@pathmaxy=\dimen258
\pgf@xx=\dimen259
\pgf@xy=\dimen260
\pgf@yx=\dimen261
\pgf@yy=\dimen262
\pgf@zx=\dimen263
\pgf@zy=\dimen264
)
(/usr/share/texlive/texmf-dist/tex/generic/pgf/basiclayer/pgfcorepathconstruct.
code.tex
File: pgfcorepathconstruct.code.tex 2021/05/15 v3.1.9a (3.1.9a)
\pgf@path@lastx=\dimen265
\pgf@path@lasty=\dimen266
)
(/usr/share/texlive/texmf-dist/tex/generic/pgf/basiclayer/pgfcorepathusage.code
.tex
File: pgfcorepathusage.code.tex 2021/05/15 v3.1.9a (3.1.9a)
\pgf@shorten@end@additional=\dimen267
\pgf@shorten@start@additional=\dimen268
)
(/usr/share/texlive/texmf-dist/tex/generic/pgf/basiclayer/pgfcorescopes.code.te
x
File: pgfcorescopes.code.tex 2021/05/15 v3.1.9a (3.1.9a)
\pgfpic=\box66
\pgf@hbox=\box67
\pgf@layerbox@main=\box68
\pgf@picture@serial@count=\count301
)
(/usr/share/texlive/texmf-dist/tex/generic/pgf/basiclayer/pgfcoregraphicstate.c
ode.tex
File: pgfcoregraphicstate.code.tex 2021/05/15 v3.1.9a (3.1.9a)
\pgflinewidth=\dimen269
)
(/usr/share/texlive/texmf-dist/tex/generic/pgf/basiclayer/pgfcoretransformation
s.code.tex
File: pgfcoretransformations.code.tex 2021/05/15 v3.1.9a (3.1.9a)
\pgf@pt@x=\dimen270
\pgf@pt@y=\dimen271
\pgf@pt@temp=\dimen272
)
(/usr/share/texlive/texmf-dist/tex/generic/pgf/basiclayer/pgfcorequick.code.tex
File: pgfcorequick.code.tex 2021/05/15 v3.1.9a (3.1.9a)
)
(/usr/share/texlive/texmf-dist/tex/generic/pgf/basiclayer/pgfcoreobjects.code.t
ex
File: pgfcoreobjects.code.tex 2021/05/15 v3.1.9a (3.1.9a)
)
(/usr/share/texlive/texmf-dist/tex/generic/pgf/basiclayer/pgfcorepathprocessing
.code.tex
File: pgfcorepathprocessing.code.tex 2021/05/15 v3.1.9a (3.1.9a)
)
(/usr/share/texlive/texmf-dist/tex/generic/pgf/basiclayer/pgfcorearrows.code.te
x
File: pgfcorearrows.code.tex 2021/05/15 v3.1.9a (3.1.9a)
\pgfarrowsep=\dimen273
)
(/usr/share/texlive/texmf-dist/tex/generic/pgf/basiclayer/pgfcoreshade.code.tex
File: pgfcoreshade.code.tex 2021/05/15 v3.1.9a (3.1.9a)
\pgf@max=\dimen274
\pgf@sys@shading@range@num=\count302
\pgf@shadingcount=\count303
)
(/usr/share/texlive/texmf-dist/tex/generic/pgf/basiclayer/pgfcoreimage.code.tex
File: pgfcoreimage.code.tex 2021/05/15 v3.1.9a (3.1.9a)

(/usr/share/texlive/texmf-dist/tex/generic/pgf/basiclayer/pgfcoreexternal.code.
tex
File: pgfcoreexternal.code.tex 2021/05/15 v3.1.9a (3.1.9a)
\pgfexternal@startupbox=\box69
))
(/usr/share/texlive/texmf-dist/tex/generic/pgf/basiclayer/pgfcorelayers.code.te
x
File: pgfcorelayers.code.tex 2021/05/15 v3.1.9a (3.1.9a)
)
(/usr/share/texlive/texmf-dist/tex/generic/pgf/basiclayer/pgfcoretransparency.c
ode.tex
File: pgfcoretransparency.code.tex 2021/05/15 v3.1.9a (3.1.9a)
)
(/usr/share/texlive/texmf-dist/tex/generic/pgf/basiclayer/pgfcorepatterns.code.
tex
File: pgfcorepatterns.code.tex 2021/05/15 v3.1.9a (3.1.9a)
)
(/usr/share/texlive/texmf-dist/tex/generic/pgf/basiclayer/pgfcorerdf.code.tex
File: pgfcorerdf.code.tex 2021/05/15 v3.1.9a (3.1.9a)
)))
(/usr/share/texlive/texmf-dist/tex/generic/pgf/modules/pgfmoduleshapes.code.tex
File: pgfmoduleshapes.code.tex 2021/05/15 v3.1.9a (3.1.9a)
\pgfnodeparttextbox=\box70
) (/usr/share/texlive/texmf-dist/tex/generic/pgf/modules/pgfmoduleplot.code.tex
File: pgfmoduleplot.code.tex 2021/05/15 v3.1.9a (3.1.9a)
)
(/usr/share/texlive/texmf-dist/tex/latex/pgf/compatibility/pgfcomp-version-0-65
.sty
Package: pgfcomp-version-0-65 2021/05/15 v3.1.9a (3.1.9a)
\pgf@nodesepstart=\dimen275
\pgf@nodesepend=\dimen276
)
(/usr/share/texlive/texmf-dist/tex/latex/pgf/compatibility/pgfcomp-version-1-18
.sty
Package: pgfcomp-version-1-18 2021/05/15 v3.1.9a (3.1.9a)
)) (/usr/share/texlive/texmf-dist/tex/latex/tools/verbatim.sty
Package: verbatim 2020-07-07 v1.5u LaTeX2e package for verbatim enhancements
\every@verbatim=\toks35
\verbatim@line=\toks36
\verbatim@in@stream=\read3
)
(/usr/share/texlive/texmf-dist/tex/latex/environ/environ.sty
Package: environ 2014/05/04 v0.3 A new way to define environments

(/usr/share/texlive/texmf-dist/tex/latex/trimspaces/trimspaces.sty
Package: trimspaces 2009/09/17 v1.1 Trim spaces around a token list
))
(/usr/share/texlive/texmf-dist/tex/latex/etoolbox/etoolbox.sty
Package: etoolbox 2020/10/05 v2.5k e-TeX tools for LaTeX (JAW)
\etb@tempcnta=\count304
)
\tcb@titlebox=\box71
\tcb@upperbox=\box72
\tcb@lowerbox=\box73
\tcb@phantombox=\box74
\c@tcbbreakpart=\count305
\c@tcblayer=\count306
\c@tcolorbox@number=\count307
\tcb@temp=\box75
\tcb@temp=\box76
\tcb@temp=\box77
\tcb@temp=\box78

(/usr/share/texlive/texmf-dist/tex/latex/tcolorbox/tcbraster.code.tex
Library (tcolorbox): 'tcbraster.code.tex' version '5.0.2'
\c@tcbrastercolumn=\count308
\c@tcbrasterrow=\count309
\c@tcbrasternum=\count310
\c@tcbraster=\count311
) (/usr/share/texlive/texmf-dist/tex/latex/tcolorbox/tcbskins.code.tex
Library (tcolorbox): 'tcbskins.code.tex' version '5.0.2'
(/usr/share/texlive/texmf-dist/tex/latex/pgf/frontendlayer/tikz.sty
(/usr/share/texlive/texmf-dist/tex/latex/pgf/utilities/pgffor.sty
(/usr/share/texlive/texmf-dist/tex/latex/pgf/utilities/pgfkeys.sty
(/usr/share/texlive/texmf-dist/tex/generic/pgf/utilities/pgfkeys.code.tex))
(/usr/share/texlive/texmf-dist/tex/latex/pgf/math/pgfmath.sty
(/usr/share/texlive/texmf-dist/tex/generic/pgf/math/pgfmath.code.tex))
(/usr/share/texlive/texmf-dist/tex/generic/pgf/utilities/pgffor.code.tex
Package: pgffor 2021/05/15 v3.1.9a (3.1.9a)

(/usr/share/texlive/texmf-dist/tex/generic/pgf/math/pgfmath.code.tex)
\pgffor@iter=\dimen277
\pgffor@skip=\dimen278
\pgffor@stack=\toks37
\pgffor@toks=\toks38
))
(/usr/share/texlive/texmf-dist/tex/generic/pgf/frontendlayer/tikz/tikz.code.tex
Package: tikz 2021/05/15 v3.1.9a (3.1.9a)

(/usr/share/texlive/texmf-dist/tex/generic/pgf/libraries/pgflibraryplothandlers
.code.tex
File: pgflibraryplothandlers.code.tex 2021/05/15 v3.1.9a (3.1.9a)
\pgf@plot@mark@count=\count312
\pgfplotmarksize=\dimen279
)
\tikz@lastx=\dimen280
\tikz@lasty=\dimen281
\tikz@lastxsaved=\dimen282
\tikz@lastysaved=\dimen283
\tikz@lastmovetox=\dimen284
\tikz@lastmovetoy=\dimen285
\tikzleveldistance=\dimen286
\tikzsiblingdistance=\dimen287
\tikz@figbox=\box79
\tikz@figbox@bg=\box80
\tikz@tempbox=\box81
\tikz@tempbox@bg=\box82
\tikztreelevel=\count313
\tikznumberofchildren=\count314
\tikznumberofcurrentchild=\count315
\tikz@fig@count=\count316

(/usr/share/texlive/texmf-dist/tex/generic/pgf/modules/pgfmodulematrix.code.tex
File: pgfmodulematrix.code.tex 2021/05/15 v3.1.9a (3.1.9a)
\pgfmatrixcurrentrow=\count317
\pgfmatrixcurrentcolumn=\count318
\pgf@matrix@numberofcolumns=\count319
)
\tikz@expandcount=\count320

(/usr/share/texlive/texmf-dist/tex/generic/pgf/frontendlayer/tikz/libraries/tik
zlibrarytopaths.code.tex
File: tikzlibrarytopaths.code.tex 2021/05/15 v3.1.9a (3.1.9a)
)))
\tcb@waterbox=\box83

(/usr/share/texlive/texmf-dist/tex/latex/tcolorbox/tcbskinsjigsaw.code.tex
Library (tcolorbox): 'tcbskinsjigsaw.code.tex' version '5.0.2'
)) (/usr/share/texlive/texmf-dist/tex/latex/tcolorbox/tcbbreakable.code.tex
Library (tcolorbox): 'tcbbreakable.code.tex' version '5.0.2'
(/usr/share/texlive/texmf-dist/tex/generic/oberdiek/pdfcol.sty
Package: pdfcol 2019/12/29 v1.6 Handle new color stacks for pdfTeX (HO)

(/usr/share/texlive/texmf-dist/tex/generic/ltxcmds/ltxcmds.sty
Package: ltxcmds 2020-05-10 v1.25 LaTeX kernel commands for general use (HO)
)
(/usr/share/texlive/texmf-dist/tex/generic/infwarerr/infwarerr.sty
Package: infwarerr 2019/12/03 v1.5 Providing info/warning/error messages (HO)
)
(/usr/share/texlive/texmf-dist/tex/generic/iftex/iftex.sty
Package: iftex 2020/03/06 v1.0d TeX engine tests
))
Package pdfcol Info: New color stack `tcb@breakable' = 1 on input line 23.
\tcb@testbox=\box84
\tcb@totalupperbox=\box85
\tcb@totallowerbox=\box86
)
(/usr/share/texlive/texmf-dist/tex/latex/tcolorbox/tcbhooks.code.tex
Library (tcolorbox): 'tcbhooks.code.tex' version '5.0.2'
) (/usr/share/texlive/texmf-dist/tex/latex/tcolorbox/tcbtheorems.code.tex
Library (tcolorbox): 'tcbtheorems.code.tex' version '5.0.2'
) (/usr/share/texlive/texmf-dist/tex/latex/tcolorbox/tcbfitting.code.tex
Library (tcolorbox): 'tcbfitting.code.tex' version '5.0.2'
\tcbfitdim=\dimen288
\tcb@lowerfitdim=\dimen289
\tcb@upperfitdim=\dimen290
\tcb@cur@hbadness=\count321
) (/usr/share/texlive/texmf-dist/tex/latex/tcolorbox/tcbxparse.code.tex
Library (tcolorbox): 'tcbxparse.code.tex' version '5.0.2'
(/usr/share/texlive/texmf-dist/tex/latex/l3packages/xparse/xparse.sty
(/usr/share/texlive/texmf-dist/tex/latex/l3kernel/expl3.sty
Package: expl3 2022-01-21 L3 programming layer (loader) 

(/usr/share/texlive/texmf-dist/tex/latex/l3backend/l3backend-pdftex.def
File: l3backend-pdftex.def 2022-01-12 L3 backend support: PDF output (pdfTeX)
\l__color_backend_stack_int=\count322
\l__pdf_internal_box=\box87
))
Package: xparse 2022-01-12 L3 Experimental document command parser
))
(/usr/share/texlive/texmf-dist/tex/latex/tcolorbox/tcblistingsutf8.code.tex
Library (tcolorbox): 'tcblistingsutf8.code.tex' version '5.0.2'
(/usr/share/texlive/texmf-dist/tex/latex/tcolorbox/tcblistings.code.tex
Library (tcolorbox): 'tcblistings.code.tex' version '5.0.2'
(/usr/share/texlive/texmf-dist/tex/latex/listings/listings.sty
\lst@mode=\count323
\lst@gtempboxa=\box88
\lst@token=\toks39
\lst@length=\count324
\lst@currlwidth=\dimen291
\lst@column=\count325
\lst@pos=\count326
\lst@lostspace=\dimen292
\lst@width=\dimen293
\lst@newlines=\count327
\lst@lineno=\count328
\lst@maxwidth=\dimen294

(/usr/share/texlive/texmf-dist/tex/latex/listings/lstmisc.sty
File: lstmisc.sty 2020/03/24 1.8d (Carsten Heinz)
\c@lstnumber=\count329
\lst@skipnumbers=\count330
\lst@framebox=\box89
)
(/usr/share/texlive/texmf-dist/tex/latex/listings/listings.cfg
File: listings.cfg 2020/03/24 1.8d listings configuration
))
Package: listings 2020/03/24 1.8d (Carsten Heinz)

(/usr/share/texlive/texmf-dist/tex/latex/tcolorbox/tcblistingscore.code.tex
Library (tcolorbox): 'tcblistingscore.code.tex' version '5.0.2'
(/usr/share/texlive/texmf-dist/tex/latex/tcolorbox/tcbprocessing.code.tex
Library (tcolorbox): 'tcbprocessing.code.tex' version '5.0.2'
(/usr/share/texlive/texmf-dist/tex/generic/pdftexcmds/pdftexcmds.sty
Package: pdftexcmds 2020-06-27 v0.33 Utility functions of pdfTeX for LuaTeX (HO
)
Package pdftexcmds Info: \pdf@primitive is available.
Package pdftexcmds Info: \pdf@ifprimitive is available.
Package pdftexcmds Info: \pdfdraftmode found.
)
(/usr/share/texlive/texmf-dist/tex/latex/tools/shellesc.sty
Package: shellesc 2019/11/08 v1.0c unified shell escape interface for LaTeX
Package shellesc Info: Restricted shell escape enabled on input line 77.
))
\c@tcblisting=\count331
))
(/usr/share/texlive/texmf-dist/tex/latex/listingsutf8/listingsutf8.sty
Package: listingsutf8 2019-12-10 v1.5 Allow UTF-8 in listings input (HO)

(/usr/share/texlive/texmf-dist/tex/generic/stringenc/stringenc.sty
Package: stringenc 2019/11/29 v1.12 Convert strings between diff. encodings (HO
)

(/usr/share/texlive/texmf-dist/tex/generic/pdfescape/pdfescape.sty
Package: pdfescape 2019/12/09 v1.15 Implements pdfTeX's escape features (HO)
))))
(/usr/share/texlive/texmf-dist/tex/latex/tcolorbox/tcbexternal.code.tex
Library (tcolorbox): 'tcbexternal.code.tex' version '5.0.2'
) (/usr/share/texlive/texmf-dist/tex/latex/tcolorbox/tcbmagazine.code.tex
Library (tcolorbox): 'tcbmagazine.code.tex' version '5.0.2'
) (/usr/share/texlive/texmf-dist/tex/latex/tcolorbox/tcbvignette.code.tex
Library (tcolorbox): 'tcbvignette.code.tex' version '5.0.2'

(/usr/share/texlive/texmf-dist/tex/generic/pgf/frontendlayer/tikz/libraries/tik
zlibraryfadings.code.tex
File: tikzlibraryfadings.code.tex 2021/05/15 v3.1.9a (3.1.9a)

(/usr/share/texlive/texmf-dist/tex/generic/pgf/libraries/pgflibraryfadings.code
.tex
File: pgflibraryfadings.code.tex 2021/05/15 v3.1.9a (3.1.9a)
))) (/usr/share/texlive/texmf-dist/tex/latex/tcolorbox/tcbposter.code.tex
Library (tcolorbox): 'tcbposter.code.tex' version '5.0.2'
)) (/usr/share/texlive/texmf-dist/tex/latex/float/float.sty
Package: float 2001/11/08 v1.3d Float enhancements (AL)
\c@float@type=\count332
\float@exts=\toks40
\float@box=\box90
\@float@everytoks=\toks41
\@floatcapt=\box91
)
(/usr/share/texlive/texmf-dist/tex/generic/ulem/ulem.sty
\UL@box=\box92
\UL@hyphenbox=\box93
\UL@skip=\skip80
\UL@hook=\toks42
\UL@height=\dimen295
\UL@pe=\count333
\UL@pixel=\dimen296
\ULC@box=\box94
Package: ulem 2019/11/18
\ULdepth=\dimen297
)
(/usr/share/texlive/texmf-dist/tex/latex/caption/subcaption.sty
Package: subcaption 2020/10/07 v1.3j Sub-captions (AR)

(/usr/share/texlive/texmf-dist/tex/latex/caption/caption.sty
Package: caption 2020/10/26 v3.5g Customizing captions (AR)

(/usr/share/texlive/texmf-dist/tex/latex/caption/caption3.sty
Package: caption3 2020/10/21 v2.2e caption3 kernel (AR)
\captionmargin=\dimen298
\captionmargin@=\dimen299
\captionwidth=\dimen300
\caption@tempdima=\dimen301
\caption@indent=\dimen302
\caption@parindent=\dimen303
\caption@hangindent=\dimen304
Package caption Info: Unknown document class (or package),
(caption)             standard defaults will be used.
Package caption Info: \@makecaption = \long macro:#1#2->\ifx \@captype \@IEEEta
blestring \footnotesize \bgroup \par \centering \@IEEEtabletopskipstrut {\norma
lfont \footnotesize #1}\\{\normalfont \footnotesize \scshape #2}\par \addvspace
 {0.5\baselineskip }\egroup \@IEEEtablecaptionsepspace \else \@IEEEfigurecaptio
nsepspace \setbox \@tempboxa \hbox {\normalfont \footnotesize {#1.}\nobreakspac
e \nobreakspace #2}\ifdim \wd \@tempboxa >\hsize \setbox \@tempboxa \hbox {\nor
malfont \footnotesize {#1.}\nobreakspace \nobreakspace }\parbox [t]{\hsize }{\n
ormalfont \footnotesize \noindent \unhbox \@tempboxa #2}\else \ifCLASSOPTIONcon
ference \hbox to\hsize {\normalfont \footnotesize \hfil \box \@tempboxa \hfil }
\else \hbox to\hsize {\normalfont \footnotesize \box \@tempboxa \hfil }\fi \fi 
\fi  on input line 1139.
)

Package caption Warning: Unknown document class (or package),
(caption)                standard defaults will be used.
See the caption package documentation for explanation.

\c@caption@flags=\count334
\c@continuedfloat=\count335
Package caption Info: float package is loaded.
Package caption Info: listings package is loaded.
)
\c@subfigure=\count336
\c@subtable=\count337
) (/usr/share/texlive/texmf-dist/tex/latex/stmaryrd/stmaryrd.sty
Package: stmaryrd 1994/03/03 St Mary's Road symbol package
\symstmry=\mathgroup6
LaTeX Font Info:    Overwriting symbol font `stmry' in version `bold'
(Font)                  U/stmry/m/n --> U/stmry/b/n on input line 89.
)
(/usr/share/texlive/texmf-dist/tex/latex/tools/tabularx.sty
Package: tabularx 2020/01/15 v2.11c `tabularx' package (DPC)
\TX@col@width=\dimen305
\TX@old@table=\dimen306
\TX@old@col=\dimen307
\TX@target=\dimen308
\TX@delta=\dimen309
\TX@cols=\count338
\TX@ftn=\toks43
)
(/usr/share/texlive/texmf-dist/tex/latex/booktabs/booktabs.sty
Package: booktabs 2020/01/12 v1.61803398 Publication quality tables
\heavyrulewidth=\dimen310
\lightrulewidth=\dimen311
\cmidrulewidth=\dimen312
\belowrulesep=\dimen313
\belowbottomsep=\dimen314
\aboverulesep=\dimen315
\abovetopsep=\dimen316
\cmidrulesep=\dimen317
\cmidrulekern=\dimen318
\defaultaddspace=\dimen319
\@cmidla=\count339
\@cmidlb=\count340
\@aboverulesep=\dimen320
\@belowrulesep=\dimen321
\@thisruleclass=\count341
\@lastruleclass=\count342
\@thisrulewidth=\dimen322
)
(/usr/share/texlive/texmf-dist/tex/latex/makecell/makecell.sty
Package: makecell 2009/08/03 V0.1e Managing of Tab Column Heads and Cells
\rotheadsize=\dimen323
\c@nlinenum=\count343
\TeXr@lab=\toks44
)
(/usr/share/texlive/texmf-dist/tex/latex/setspace/setspace.sty
Package: setspace 2011/12/19 v6.7a set line spacing
)
(/usr/share/texlive/texmf-dist/tex/latex/psnfss/pifont.sty
Package: pifont 2020/03/25 PSNFSS-v9.3 Pi font support (SPQR) 
LaTeX Font Info:    Trying to load font information for U+pzd on input line 63.


(/usr/share/texlive/texmf-dist/tex/latex/psnfss/upzd.fd
File: upzd.fd 2001/06/04 font definitions for U/pzd.
)
LaTeX Font Info:    Trying to load font information for U+psy on input line 64.


(/usr/share/texlive/texmf-dist/tex/latex/psnfss/upsy.fd
File: upsy.fd 2001/06/04 font definitions for U/psy.
))
   defining Unicode char U+25B3 (decimal 9651)
 (./ref_check.aux)
\openout1 = `ref_check.aux'.

LaTeX Font Info:    Checking defaults for OML/cmm/m/it on input line 44.
LaTeX Font Info:    ... okay on input line 44.
LaTeX Font Info:    Checking defaults for OMS/cmsy/m/n on input line 44.
LaTeX Font Info:    ... okay on input line 44.
LaTeX Font Info:    Checking defaults for OT1/cmr/m/n on input line 44.
LaTeX Font Info:    ... okay on input line 44.
LaTeX Font Info:    Checking defaults for T1/cmr/m/n on input line 44.
LaTeX Font Info:    ... okay on input line 44.
LaTeX Font Info:    Checking defaults for TS1/cmr/m/n on input line 44.
LaTeX Font Info:    ... okay on input line 44.
LaTeX Font Info:    Checking defaults for OMX/cmex/m/n on input line 44.
LaTeX Font Info:    ... okay on input line 44.
LaTeX Font Info:    Checking defaults for U/cmr/m/n on input line 44.
LaTeX Font Info:    ... okay on input line 44.

-- Lines per column: 58 (exact).
(/usr/share/texlive/texmf-dist/tex/context/base/mkii/supp-pdf.mkii
[Loading MPS to PDF converter (version 2006.09.02).]
\scratchcounter=\count344
\scratchdimen=\dimen324
\scratchbox=\box95
\nofMPsegments=\count345
\nofMParguments=\count346
\everyMPshowfont=\toks45
\MPscratchCnt=\count347
\MPscratchDim=\dimen325
\MPnumerator=\count348
\makeMPintoPDFobject=\count349
\everyMPtoPDFconversion=\toks46
) (/usr/share/texlive/texmf-dist/tex/latex/epstopdf-pkg/epstopdf-base.sty
Package: epstopdf-base 2020-01-24 v2.11 Base part for package epstopdf
Package epstopdf-base Info: Redefining graphics rule for `.eps' on input line 4
85.

(/usr/share/texlive/texmf-dist/tex/latex/latexconfig/epstopdf-sys.cfg
File: epstopdf-sys.cfg 2010/07/13 v1.3 Configuration of (r)epstopdf for TeX Liv
e
))
\c@lstlisting=\count350

(/usr/share/texlive/texmf-dist/tex/latex/base/inputenc.sty
Package: inputenc 2021/02/14 v1.3d Input encoding file
\inpenc@prehook=\toks47
\inpenc@posthook=\toks48
)
Package caption Info: Begin \AtBeginDocument code.
Package caption Info: End \AtBeginDocument code.

Underfull \hbox (badness 2781) in paragraph at lines 59--59
[][][]\OT1/ptm/m/n/8 Changmin Park, Seon-gah Park, Nay-oung Kim, Sungjin Park, 
and
 []


Underfull \hbox (badness 2088) in paragraph at lines 61--63
[]\OT1/ptm/b/it/9 Abstract\OT1/ptm/b/n/9 ---In this pa-per, we present a knowle
dge-based
 []

(./section/01_intro.tex
Underfull \hbox (badness 1810) in paragraph at lines 6--7
\OT1/ptm/m/n/10 sys-tems that se-lec-tively re-quest hu-man feed-back dur-ing
 []



pdfTeX warning: pdflatex (file ./figures/fig_overview.pdf): PDF inclusion: foun
d PDF version <1.7>, but at most version <1.5> allowed
<figures/fig_overview.pdf, id=41, 600.48338pt x 413.12341pt>
File: figures/fig_overview.pdf Graphic file (type pdf)
<use figures/fig_overview.pdf>
Package pdftex.def Info: figures/fig_overview.pdf  used on input line 16.
(pdftex.def)             Requested size: 246.95892pt x 169.90489pt.
[1{/var/lib/texmf/fonts/map/pdftex/updmap/pdftex.map}


 <./figures/fig_overview.pdf>]
LaTeX Font Info:    Trying to load font information for U+msa on input line 31.

 (/usr/share/texlive/texmf-dist/tex/latex/amsfonts/umsa.fd
File: umsa.fd 2013/01/14 v3.01 AMS symbols A
)
LaTeX Font Info:    Trying to load font information for U+msb on input line 31.


(/usr/share/texlive/texmf-dist/tex/latex/amsfonts/umsb.fd
File: umsb.fd 2013/01/14 v3.01 AMS symbols B
)
LaTeX Font Info:    Trying to load font information for U+stmry on input line 3
1.

(/usr/share/texlive/texmf-dist/tex/latex/stmaryrd/Ustmry.fd)
Underfull \hbox (badness 3942) in paragraph at lines 32--33
[]\OT1/ptm/m/n/10 We pro-pose an uncertainty-aware feed-back trig-ger
 []

) (./section/02_related.tex
Underfull \hbox (badness 1616) in paragraph at lines 129--129
[]|\OT1/ptm/m/n/9 Symbolic plan-ning un-der un-cer-
 []

[2] [3]) (./section/03_preliminaries.tex [4]

pdfTeX warning: pdflatex (file ./figures/fig_pomdp_preliminaries.pdf): PDF incl
usion: found PDF version <1.7>, but at most version <1.5> allowed
<figures/fig_pomdp_preliminaries.pdf, id=101, 369.30972pt x 177.0916pt>
File: figures/fig_pomdp_preliminaries.pdf Graphic file (type pdf)
<use figures/fig_pomdp_preliminaries.pdf>
Package pdftex.def Info: figures/fig_pomdp_preliminaries.pdf  used on input lin
e 20.
(pdftex.def)             Requested size: 126.0pt x 60.41841pt.
) (./section/04_method.tex

pdfTeX warning: pdflatex (file ./figures/fig_dataflow.pdf): PDF inclusion: foun
d PDF version <1.7>, but at most version <1.5> allowed
<figures/fig_dataflow.pdf, id=102, 777.38428pt x 311.85509pt>
File: figures/fig_dataflow.pdf Graphic file (type pdf)
<use figures/fig_dataflow.pdf>
Package pdftex.def Info: figures/fig_dataflow.pdf  used on input line 26.
(pdftex.def)             Requested size: 490.19843pt x 196.6458pt.
LaTeX Font Info:    Trying to load font information for OT1+pcr on input line 3
9.
(/usr/share/texlive/texmf-dist/tex/latex/psnfss/ot1pcr.fd
File: ot1pcr.fd 2001/06/04 font definitions for OT1/pcr.
) [5 <./figures/fig_pomdp_preliminaries.pdf>] [6 <./figures/fig_dataflow.pdf>] 
[7] [8]
Underfull \hbox (badness 3989) in paragraph at lines 229--230
[]\OT1/ptm/m/n/10 Through this pro-cess, per-cep-tual pred-i-cates such as
 []

<figures/fig_interface.pdf, id=220, 822.07124pt x 500.87125pt>
File: figures/fig_interface.pdf Graphic file (type pdf)
<use figures/fig_interface.pdf>
Package pdftex.def Info: figures/fig_interface.pdf  used on input line 258.
(pdftex.def)             Requested size: 252.0pt x 153.53358pt.
) (./section/05_exp_setting.tex
<figures/fig_exp_setup1.png, id=221, 1412.27625pt x 390.45876pt>
File: figures/fig_exp_setup1.png Graphic file (type png)
<use figures/fig_exp_setup1.png>
Package pdftex.def Info: figures/fig_exp_setup1.png  used on input line 10.
(pdftex.def)             Requested size: 242.52063pt x 67.05035pt.
<figures/fig_exp_setup2.png, id=223, 1276.77pt x 475.7775pt>
File: figures/fig_exp_setup2.png Graphic file (type png)
<use figures/fig_exp_setup2.png>
Package pdftex.def Info: figures/fig_exp_setup2.png  used on input line 17.
(pdftex.def)             Requested size: 242.52063pt x 90.36961pt.
 [9 <./figures/fig_interface.pdf>]
Underfull \hbox (badness 1383) in paragraph at lines 41--43
\OT1/pcr/m/n/10 dock_station\OT1/ptm/m/n/10 , \OT1/pcr/m/n/10 stem_1\OT1/ptm/m/
n/10 , and \OT1/pcr/m/n/10 stem_2\OT1/ptm/m/n/10 , and per-forms
 []

) (./section/05_exp_system.tex
<figures/system_eval/fig_thres_success_rate.pdf, id=231, 664.88402pt x 419.166p
t>
File: figures/system_eval/fig_thres_success_rate.pdf Graphic file (type pdf)
<use figures/system_eval/fig_thres_success_rate.pdf>
Package pdftex.def Info: figures/system_eval/fig_thres_success_rate.pdf  used o
n input line 12.
(pdftex.def)             Requested size: 247.6778pt x 156.14432pt.
<figures/system_eval/fig_thres_average_question.pdf, id=232, 664.88402pt x 419.
166pt>
File: figures/system_eval/fig_thres_average_question.pdf Graphic file (type pdf
)
<use figures/system_eval/fig_thres_average_question.pdf>
Package pdftex.def Info: figures/system_eval/fig_thres_average_question.pdf  us
ed on input line 19.
(pdftex.def)             Requested size: 247.6778pt x 156.14432pt.
<figures/system_eval/fig_thres_query_probability_per_step.pdf, id=233, 664.8840
2pt x 419.166pt>
File: figures/system_eval/fig_thres_query_probability_per_step.pdf Graphic file
 (type pdf)
<use figures/system_eval/fig_thres_query_probability_per_step.pdf>
Package pdftex.def Info: figures/system_eval/fig_thres_query_probability_per_st
ep.pdf  used on input line 27.
(pdftex.def)             Requested size: 247.6778pt x 156.14432pt.
<figures/system_eval/fig_thres_average_step_success_only.pdf, id=234, 664.88402
pt x 419.166pt>
File: figures/system_eval/fig_thres_average_step_success_only.pdf Graphic file 
(type pdf)
<use figures/system_eval/fig_thres_average_step_success_only.pdf>
Package pdftex.def Info: figures/system_eval/fig_thres_average_step_success_onl
y.pdf  used on input line 34.
(pdftex.def)             Requested size: 247.6778pt x 156.14432pt.


LaTeX Font Warning: Font shape `U/stmry/b/n' undefined
(Font)              using `U/stmry/m/n' instead on input line 50.

[10 <./figures/fig_exp_setup1.png> <./figures/fig_exp_setup2.png>] [11 <./figur
es/system_eval/fig_thres_success_rate.pdf> <./figures/system_eval/fig_thres_ave
rage_question.pdf> <./figures/system_eval/fig_thres_query_probability_per_step.
pdf> <./figures/system_eval/fig_thres_average_step_success_only.pdf>]
<figures/system_eval/fig_ablation_success_rate.pdf, id=392, 592.61403pt x 346.8
9601pt>
File: figures/system_eval/fig_ablation_success_rate.pdf Graphic file (type pdf)

<use figures/system_eval/fig_ablation_success_rate.pdf>
Package pdftex.def Info: figures/system_eval/fig_ablation_success_rate.pdf  use
d on input line 80.
(pdftex.def)             Requested size: 247.6778pt x 144.98074pt.
<figures/system_eval/fig_ablation_average_question_success_only.pdf, id=393, 59
2.61403pt x 346.89601pt>
File: figures/system_eval/fig_ablation_average_question_success_only.pdf Graphi
c file (type pdf)
<use figures/system_eval/fig_ablation_average_question_success_only.pdf>
Package pdftex.def Info: figures/system_eval/fig_ablation_average_question_succ
ess_only.pdf  used on input line 87.
(pdftex.def)             Requested size: 247.6778pt x 144.98074pt.
<figures/system_eval/fig_ablation_query_probability_per_step_success_only.pdf, 
id=394, 592.61403pt x 346.89601pt>
File: figures/system_eval/fig_ablation_query_probability_per_step_success_only.
pdf Graphic file (type pdf)
<use figures/system_eval/fig_ablation_query_probability_per_step_success_only.p
df>
Package pdftex.def Info: figures/system_eval/fig_ablation_query_probability_per
_step_success_only.pdf  used on input line 95.
(pdftex.def)             Requested size: 247.6778pt x 144.98074pt.
<figures/system_eval/fig_ablation_average_step_success_only.pdf, id=395, 592.61
403pt x 346.89601pt>
File: figures/system_eval/fig_ablation_average_step_success_only.pdf Graphic fi
le (type pdf)
<use figures/system_eval/fig_ablation_average_step_success_only.pdf>
Package pdftex.def Info: figures/system_eval/fig_ablation_average_step_success_
only.pdf  used on input line 102.
(pdftex.def)             Requested size: 247.6778pt x 144.98074pt.
 [12])
(./section/05_exp_user.tex [13 <./figures/system_eval/fig_ablation_success_rate
.pdf> <./figures/system_eval/fig_ablation_average_question_success_only.pdf> <.
/figures/system_eval/fig_ablation_query_probability_per_step_success_only.pdf> 
<./figures/system_eval/fig_ablation_average_step_success_only.pdf>]
LaTeX Font Info:    Trying to load font information for TS1+ptm on input line 6
.

(/usr/share/texlive/texmf-dist/tex/latex/psnfss/ts1ptm.fd
File: ts1ptm.fd 2001/06/04 font definitions for TS1/ptm.
)
<figures/fig_waste_our1.png, id=566, 1265.72874pt x 787.94376pt>
File: figures/fig_waste_our1.png Graphic file (type png)
<use figures/fig_waste_our1.png>
Package pdftex.def Info: figures/fig_waste_our1.png  used on input line 22.
(pdftex.def)             Requested size: 165.12378pt x 102.78494pt.
<figures/fig_waste_knowno.png, id=567, 1262.7175pt x 790.955pt>
File: figures/fig_waste_knowno.png Graphic file (type png)
<use figures/fig_waste_knowno.png>
Package pdftex.def Info: figures/fig_waste_knowno.png  used on input line 29.
(pdftex.def)             Requested size: 165.12378pt x 103.4312pt.
<figures/fig_tomato_knowno.png, id=568, 1262.7175pt x 790.955pt>
File: figures/fig_tomato_knowno.png Graphic file (type png)
<use figures/fig_tomato_knowno.png>
Package pdftex.def Info: figures/fig_tomato_knowno.png  used on input line 36.
(pdftex.def)             Requested size: 165.12378pt x 103.4312pt.
 [14]
<figures/waste_task_success.png, id=572, 975.645pt x 578.16pt>
File: figures/waste_task_success.png Graphic file (type png)
<use figures/waste_task_success.png>
Package pdftex.def Info: figures/waste_task_success.png  used on input line 62.

(pdftex.def)             Requested size: 123.84283pt x 73.3814pt.
<figures/tomato_task_success.png, id=573, 975.645pt x 578.16pt>
File: figures/tomato_task_success.png Graphic file (type png)
<use figures/tomato_task_success.png>
Package pdftex.def Info: figures/tomato_task_success.png  used on input line 69
.
(pdftex.def)             Requested size: 123.84283pt x 73.3814pt.
<figures/waste_operation_time.png, id=574, 975.645pt x 578.16pt>
File: figures/waste_operation_time.png Graphic file (type png)
<use figures/waste_operation_time.png>
Package pdftex.def Info: figures/waste_operation_time.png  used on input line 7
6.
(pdftex.def)             Requested size: 123.84283pt x 73.3814pt.
<figures/tomato_operation_time.png, id=575, 975.645pt x 578.16pt>
File: figures/tomato_operation_time.png Graphic file (type png)
<use figures/tomato_operation_time.png>
Package pdftex.def Info: figures/tomato_operation_time.png  used on input line 
83.
(pdftex.def)             Requested size: 123.84283pt x 73.3814pt.
<figures/waste_nasa_rtlx.png, id=576, 975.645pt x 578.16pt>
File: figures/waste_nasa_rtlx.png Graphic file (type png)
<use figures/waste_nasa_rtlx.png>
Package pdftex.def Info: figures/waste_nasa_rtlx.png  used on input line 121.
(pdftex.def)             Requested size: 123.84283pt x 73.3814pt.
<figures/tomato_nasa_rtlx.png, id=577, 975.645pt x 578.16pt>
File: figures/tomato_nasa_rtlx.png Graphic file (type png)
<use figures/tomato_nasa_rtlx.png>
Package pdftex.def Info: figures/tomato_nasa_rtlx.png  used on input line 128.
(pdftex.def)             Requested size: 123.84283pt x 73.3814pt.
<figures/waste_sart.png, id=578, 975.645pt x 578.16pt>
File: figures/waste_sart.png Graphic file (type png)
<use figures/waste_sart.png>
Package pdftex.def Info: figures/waste_sart.png  used on input line 135.
(pdftex.def)             Requested size: 123.84283pt x 73.3814pt.
<figures/tomato_sart.png, id=579, 975.645pt x 578.16pt>
File: figures/tomato_sart.png Graphic file (type png)
<use figures/tomato_sart.png>
Package pdftex.def Info: figures/tomato_sart.png  used on input line 142.
(pdftex.def)             Requested size: 123.84283pt x 73.3814pt.
<figures/waste_c1_sagat_levels.png, id=580, 390.258pt x 332.0405pt>
File: figures/waste_c1_sagat_levels.png Graphic file (type png)
<use figures/waste_c1_sagat_levels.png>
Package pdftex.def Info: figures/waste_c1_sagat_levels.png  used on input line 
178.
(pdftex.def)             Requested size: 98.04126pt x 83.41524pt.
<figures/waste_c2_sagat_levels.png, id=581, 390.258pt x 332.0405pt>
File: figures/waste_c2_sagat_levels.png Graphic file (type png)
<use figures/waste_c2_sagat_levels.png>
Package pdftex.def Info: figures/waste_c2_sagat_levels.png  used on input line 
184.
(pdftex.def)             Requested size: 98.04126pt x 83.41524pt.
<figures/waste_c3_sagat_levels.png, id=582, 390.258pt x 332.0405pt>
File: figures/waste_c3_sagat_levels.png Graphic file (type png)
<use figures/waste_c3_sagat_levels.png>
Package pdftex.def Info: figures/waste_c3_sagat_levels.png  used on input line 
190.
(pdftex.def)             Requested size: 98.04126pt x 83.41524pt.
<figures/waste_c4_sagat_levels.png, id=583, 390.258pt x 332.0405pt>
File: figures/waste_c4_sagat_levels.png Graphic file (type png)
<use figures/waste_c4_sagat_levels.png>
Package pdftex.def Info: figures/waste_c4_sagat_levels.png  used on input line 
196.
(pdftex.def)             Requested size: 98.04126pt x 83.41524pt.
<figures/waste_c5_sagat_levels.png, id=584, 390.258pt x 332.0405pt>
File: figures/waste_c5_sagat_levels.png Graphic file (type png)
<use figures/waste_c5_sagat_levels.png>
Package pdftex.def Info: figures/waste_c5_sagat_levels.png  used on input line 
202.
(pdftex.def)             Requested size: 98.04126pt x 83.41524pt.
<figures/tomato_c1_sagat_levels.png, id=585, 390.258pt x 332.0405pt>
File: figures/tomato_c1_sagat_levels.png Graphic file (type png)
<use figures/tomato_c1_sagat_levels.png>
Package pdftex.def Info: figures/tomato_c1_sagat_levels.png  used on input line
 213.
(pdftex.def)             Requested size: 98.04126pt x 83.41524pt.
<figures/tomato_c2_sagat_levels.png, id=586, 390.258pt x 332.0405pt>
File: figures/tomato_c2_sagat_levels.png Graphic file (type png)
<use figures/tomato_c2_sagat_levels.png>
Package pdftex.def Info: figures/tomato_c2_sagat_levels.png  used on input line
 219.
(pdftex.def)             Requested size: 98.04126pt x 83.41524pt.
<figures/tomato_c3_sagat_levels.png, id=587, 390.258pt x 332.0405pt>
File: figures/tomato_c3_sagat_levels.png Graphic file (type png)
<use figures/tomato_c3_sagat_levels.png>
Package pdftex.def Info: figures/tomato_c3_sagat_levels.png  used on input line
 225.
(pdftex.def)             Requested size: 98.04126pt x 83.41524pt.
<figures/tomato_c4_sagat_levels.png, id=588, 390.258pt x 332.0405pt>
File: figures/tomato_c4_sagat_levels.png Graphic file (type png)
<use figures/tomato_c4_sagat_levels.png>
Package pdftex.def Info: figures/tomato_c4_sagat_levels.png  used on input line
 231.
(pdftex.def)             Requested size: 98.04126pt x 83.41524pt.
<figures/tomato_c5_sagat_levels.png, id=589, 390.258pt x 332.0405pt>
File: figures/tomato_c5_sagat_levels.png Graphic file (type png)
<use figures/tomato_c5_sagat_levels.png>
Package pdftex.def Info: figures/tomato_c5_sagat_levels.png  used on input line
 237.
(pdftex.def)             Requested size: 98.04126pt x 83.41524pt.
 [15 <./figures/fig_waste_our1.png> <./figures/fig_waste_knowno.png> <./figures
/fig_tomato_knowno.png>]) (./section/06_conclusion.tex [16 <./figures/waste_tas
k_success.png> <./figures/tomato_task_success.png> <./figures/waste_operation_t
ime.png> <./figures/tomato_operation_time.png> <./figures/waste_nasa_rtlx.png> 
<./figures/tomato_nasa_rtlx.png> <./figures/waste_sart.png> <./figures/tomato_s
art.png>])
[17 <./figures/waste_c1_sagat_levels.png> <./figures/waste_c2_sagat_levels.png>
 <./figures/waste_c3_sagat_levels.png> <./figures/waste_c4_sagat_levels.png> <.
/figures/waste_c5_sagat_levels.png> <./figures/tomato_c1_sagat_levels.png> <./f
igures/tomato_c2_sagat_levels.png> <./figures/tomato_c3_sagat_levels.png> <./fi
gures/tomato_c4_sagat_levels.png> <./figures/tomato_c5_sagat_levels.png>]
(./ref_check.bbl
Underfull \hbox (badness 2393) in paragraph at lines 42--46
\OT1/ptm/m/n/8 pre-dictabil-ity of robot mo-tion,'' in |   []   |   []   |   []

 []

[18]
Underfull \hbox (badness 2521) in paragraph at lines 369--371
[]\OT1/ptm/m/n/8 R. Brach-man and H. Levesque, |   []   |   []   |   []
 []

[19]
Underfull \hbox (badness 2846) in paragraph at lines 537--542
|   []   |   []   |   []   |   []   |   []   |   []   |   []
 []

) (./appendix/00_appx_content.tex) (./appendix/01_algorithms.tex)
(./appendix/02_detailedEXP.tex
Underfull \hbox (badness 1424) in paragraph at lines 3--4
\OT1/ptm/m/n/10 five sce-nario files, \OT1/pcr/m/n/10 scene_01.yaml\OT1/ptm/m/n
/10 --\OT1/pcr/m/n/10 scene_05.yaml\OT1/ptm/m/n/10 .
 []


LaTeX Warning: `h' float specifier changed to `ht'.


Overfull \hbox (13.68643pt too wide) in paragraph at lines 31--53
 [][] 
 []


LaTeX Warning: `h' float specifier changed to `ht'.

) (./appendix/03_exp.tex [20]) (./appendix/04_user_study.tex [21]
Overfull \hbox (109.18478pt too wide) in paragraph at lines 10--18
 [][] 
 []


Overfull \hbox (85.30827pt too wide) in paragraph at lines 38--49
 [][] 
 []

[22]
Underfull \hbox (badness 2057) in paragraph at lines 122--123
\OT1/ptm/m/n/10 scor-ing records used for task-response cor-rect-ness. The
 []


LaTeX Warning: `h' float specifier changed to `ht'.


LaTeX Warning: `h' float specifier changed to `ht'.

) [23] (./ref_check.aux)

LaTeX Font Warning: Some font shapes were not available, defaults substituted.

 ) 
Here is how much of TeX's memory you used:
 25678 strings out of 478315
 540190 string characters out of 5850365
 895064 words of memory out of 5000000
 43308 multiletter control sequences out of 15000+600000
 515104 words of font info for 128 fonts, out of 8000000 for 9000
 1134 hyphenation exceptions out of 8191
 99i,19n,104p,1563b,584s stack positions out of 5000i,500n,10000p,200000b,80000s
{/usr/share/texlive/texmf-dist/fonts/enc/dvips/base/8r.enc}</usr/share/texliv
e/texmf-dist/fonts/type1/public/amsfonts/cm/cmbx10.pfb></usr/share/texlive/texm
f-dist/fonts/type1/public/amsfonts/cm/cmex10.pfb></usr/share/texlive/texmf-dist
/fonts/type1/public/amsfonts/cm/cmmi10.pfb></usr/share/texlive/texmf-dist/fonts
/type1/public/amsfonts/cm/cmmi5.pfb></usr/share/texlive/texmf-dist/fonts/type1/
public/amsfonts/cm/cmmi6.pfb></usr/share/texlive/texmf-dist/fonts/type1/public/
amsfonts/cm/cmmi7.pfb></usr/share/texlive/texmf-dist/fonts/type1/public/amsfont
s/cm/cmmi9.pfb></usr/share/texlive/texmf-dist/fonts/type1/public/amsfonts/cmext
ra/cmmib8.pfb></usr/share/texlive/texmf-dist/fonts/type1/public/amsfonts/cm/cmr
10.pfb></usr/share/texlive/texmf-dist/fonts/type1/public/amsfonts/cm/cmr5.pfb><
/usr/share/texlive/texmf-dist/fonts/type1/public/amsfonts/cm/cmr7.pfb></usr/sha
re/texlive/texmf-dist/fonts/type1/public/amsfonts/cm/cmr9.pfb></usr/share/texli
ve/texmf-dist/fonts/type1/public/amsfonts/cm/cmsy10.pfb></usr/share/texlive/tex
mf-dist/fonts/type1/public/amsfonts/cm/cmsy7.pfb></usr/share/texlive/texmf-dist
/fonts/type1/public/amsfonts/cm/cmsy8.pfb></usr/share/texlive/texmf-dist/fonts/
type1/public/amsfonts/cm/cmsy9.pfb></usr/share/texlive/texmf-dist/fonts/type1/p
ublic/amsfonts/symbols/msbm10.pfb></usr/share/texlive/texmf-dist/fonts/type1/pu
blic/stmaryrd/stmary10.pfb></usr/share/texlive/texmf-dist/fonts/type1/urw/couri
er/ucrr8a.pfb></usr/share/texlive/texmf-dist/fonts/type1/urw/times/utmb8a.pfb><
/usr/share/texlive/texmf-dist/fonts/type1/urw/times/utmbi8a.pfb></usr/share/tex
live/texmf-dist/fonts/type1/urw/times/utmr8a.pfb></usr/share/texlive/texmf-dist
/fonts/type1/urw/times/utmri8a.pfb>
Output written on ref_check.pdf (23 pages, 15456246 bytes).
PDF statistics:
 738 PDF objects out of 1000 (max. 8388607)
 255 compressed objects within 3 object streams
 0 named destinations out of 1000 (max. 500000)
 332 words of extra memory for PDF output out of 10000 (max. 10000000)

